[0.022s] Invoking command in '/ws/build_humble/tutorial_pkg': CMAKE_PREFIX_PATH=/opt/ros/humble /usr/bin/cmake /ws/tutorial_pkg -DCMAKE_INSTALL_PREFIX=/ws/install_humble/tutorial_pkg
[0.165s] -- The C compiler identification is GNU 11.4.0
[0.296s] -- The CXX compiler identification is GNU 11.4.0
[0.314s] -- Detecting C compiler ABI info
[0.465s] -- Detecting C compiler ABI info - done
[0.484s] -- Check for working C compiler: /usr/bin/cc - skipped
[0.484s] -- Detecting C compile features
[0.485s] -- Detecting C compile features - done
[0.492s] -- Detecting CXX compiler ABI info
[0.665s] -- Detecting CXX compiler ABI info - done
[0.683s] -- Check for working CXX compiler: /usr/bin/c++ - skipped
[0.683s] -- Detecting CXX compile features
[0.685s] -- Detecting CXX compile features - done
[0.689s] -- Found ament_cmake: 1.3.14 (/opt/ros/humble/share/ament_cmake/cmake)
[0.990s] -- Found Python3: /usr/bin/python3 (found version "3.10.12") found components: Interpreter 
[1.186s] -- Found rclcpp: 16.0.19 (/opt/ros/humble/share/rclcpp/cmake)
[1.275s] -- Found rosidl_generator_c: 3.1.8 (/opt/ros/humble/share/rosidl_generator_c/cmake)
[1.285s] -- Found rosidl_adapter: 3.1.8 (/opt/ros/humble/share/rosidl_adapter/cmake)
[1.302s] -- Found rosidl_generator_cpp: 3.1.8 (/opt/ros/humble/share/rosidl_generator_cpp/cmake)
[1.332s] -- Using all available rosidl_typesupport_c: rosidl_typesupport_fastrtps_c;rosidl_typesupport_introspection_c
[1.373s] -- Using all available rosidl_typesupport_cpp: rosidl_typesupport_fastrtps_cpp;rosidl_typesupport_introspection_cpp
[1.475s] -- Found rmw_implementation_cmake: 6.1.2 (/opt/ros/humble/share/rmw_implementation_cmake/cmake)
[1.480s] -- Found rmw_fastrtps_cpp: 6.2.10 (/opt/ros/humble/share/rmw_fastrtps_cpp/cmake)
[1.648s] -- Found OpenSSL: /usr/lib/x86_64-linux-gnu/libcrypto.so (found version "3.0.2")  
[1.684s] -- Found FastRTPS: /opt/ros/humble/include  
[1.754s] -- Using RMW implementation 'rmw_fastrtps_cpp' as default
[1.774s] -- Looking for pthread.h
[1.924s] -- Looking for pthread.h - found
[1.924s] -- Performing Test CMAKE_HAVE_LIBC_PTHREAD
[2.089s] -- Performing Test CMAKE_HAVE_LIBC_PTHREAD - Success
[2.092s] -- Found Threads: TRUE  
[2.225s] -- Found sensor_msgs: 4.9.1 (/opt/ros/humble/share/sensor_msgs/cmake)
[2.465s] -- Configuring done
[2.490s] -- Generating done
[2.497s] -- Build files have been written to: /ws/build_humble/tutorial_pkg
[2.511s] Invoked command in '/ws/build_humble/tutorial_pkg' returned '0': CMAKE_PREFIX_PATH=/opt/ros/humble /usr/bin/cmake /ws/tutorial_pkg -DCMAKE_INSTALL_PREFIX=/ws/install_humble/tutorial_pkg
[2.515s] Invoking command in '/ws/build_humble/tutorial_pkg': CMAKE_PREFIX_PATH=/opt/ros/humble /usr/bin/cmake --build /ws/build_humble/tutorial_pkg -- -j32 -l32
[2.619s] [ 50%] Building CXX object CMakeFiles/my_first_node.dir/src/my_first_node.cpp.o
[7.895s] /ws/tutorial_pkg/src/my_first_node.cpp: In constructor ‘MyNode::MyNode()’:
[7.896s] /ws/tutorial_pkg/src/my_first_node.cpp:19:13: error: ‘publisher_’ was not declared in this scope; did you mean ‘rmw_publisher_t’?
[7.896s]    19 |             publisher_ = create_publisher<std_msgs::msg::UInt8>
[7.896s]       |             ^~~~~~~~~~
[7.896s]       |             rmw_publisher_t
[7.903s] /ws/tutorial_pkg/src/my_first_node.cpp: In member function ‘void MyNode::image_callback(sensor_msgs::msg::Image_<std::allocator<void> >::SharedPtr)’:
[7.904s] /ws/tutorial_pkg/src/my_first_node.cpp:33:28: error: ‘UInt’ is not a member of ‘std_msgs::msg’; did you mean ‘UInt8’?
[7.904s]    33 |             std_msgs::msg::UInt 8 brightness_msg;
[7.904s]       |                            ^~~~
[7.904s]       |                            UInt8
[7.921s] /ws/tutorial_pkg/src/my_first_node.cpp:34:13: error: ‘brightness_msg’ was not declared in this scope
[7.921s]    34 |             brightness_msg.data = avg;
[7.921s]       |             ^~~~~~~~~~~~~~
[7.930s] /ws/tutorial_pkg/src/my_first_node.cpp:34:35: error: ‘avg’ was not declared in this scope
[7.930s]    34 |             brightness_msg.data = avg;
[7.930s]       |                                   ^~~
[7.943s] /ws/tutorial_pkg/src/my_first_node.cpp:35:13: error: ‘publisher_’ was not declared in this scope; did you mean ‘rmw_publisher_t’?
[7.944s]    35 |             publisher_->publish(brightness_msg);
[7.944s]       |             ^~~~~~~~~~
[7.944s]       |             rmw_publisher_t
[12.983s] gmake[2]: *** [CMakeFiles/my_first_node.dir/build.make:76: CMakeFiles/my_first_node.dir/src/my_first_node.cpp.o] Error 1
[12.985s] gmake[1]: *** [CMakeFiles/Makefile2:137: CMakeFiles/my_first_node.dir/all] Error 2
[12.985s] gmake: *** [Makefile:146: all] Error 2
[12.989s] Invoked command in '/ws/build_humble/tutorial_pkg' returned '2': CMAKE_PREFIX_PATH=/opt/ros/humble /usr/bin/cmake --build /ws/build_humble/tutorial_pkg -- -j32 -l32
