[0.000000] (-) TimerEvent: {}
[0.000154] (-) JobUnselected: {'identifier': 'cpp_pubsub'}
[0.000210] (-) JobUnselected: {'identifier': 'py_pubsub'}
[0.000253] (tutorial_pkg) JobQueued: {'identifier': 'tutorial_pkg', 'dependencies': OrderedDict()}
[0.001434] (tutorial_pkg) JobStarted: {'identifier': 'tutorial_pkg'}
[0.020923] (tutorial_pkg) JobProgress: {'identifier': 'tutorial_pkg', 'progress': 'cmake'}
[0.022795] (tutorial_pkg) Command: {'cmd': ['/usr/bin/cmake', '/ws/tutorial_pkg', '-DCMAKE_INSTALL_PREFIX=/ws/install_humble/tutorial_pkg'], 'cwd': '/ws/build_humble/tutorial_pkg', 'env': OrderedDict([('HOSTNAME', 'jiawensun'), ('SHLVL', '0'), ('LD_LIBRARY_PATH', '/opt/ros/humble/lib/x86_64-linux-gnu:/opt/ros/humble/lib'), ('HOME', '/root'), ('ROS_PYTHON_VERSION', '3'), ('ROS_DISTRO', 'humble'), ('_', '/usr/bin/colcon'), ('ROS_VERSION', '2'), ('ROS_LOCALHOST_ONLY', '0'), ('PATH', '/opt/ros/humble/bin:/usr/local/sbin:/usr/local/bin:/usr/sbin:/usr/bin:/sbin:/bin'), ('LANG', 'C.UTF-8'), ('AMENT_PREFIX_PATH', '/opt/ros/humble'), ('PWD', '/ws/build_humble/tutorial_pkg'), ('LC_ALL', 'C.UTF-8'), ('PYTHONPATH', '/opt/ros/humble/lib/python3.10/site-packages:/opt/ros/humble/local/lib/python3.10/dist-packages'), ('COLCON', '1'), ('CMAKE_PREFIX_PATH', '/opt/ros/humble')]), 'shell': False}
[0.099097] (-) TimerEvent: {}
[0.165916] (tutorial_pkg) StdoutLine: {'line': b'-- The C compiler identification is GNU 11.4.0\n'}
[0.199241] (-) TimerEvent: {}
[0.297342] (tutorial_pkg) StdoutLine: {'line': b'-- The CXX compiler identification is GNU 11.4.0\n'}
[0.299320] (-) TimerEvent: {}
[0.315518] (tutorial_pkg) StdoutLine: {'line': b'-- Detecting C compiler ABI info\n'}
[0.399805] (-) TimerEvent: {}
[0.466339] (tutorial_pkg) StdoutLine: {'line': b'-- Detecting C compiler ABI info - done\n'}
[0.485264] (tutorial_pkg) StdoutLine: {'line': b'-- Check for working C compiler: /usr/bin/cc - skipped\n'}
[0.485655] (tutorial_pkg) StdoutLine: {'line': b'-- Detecting C compile features\n'}
[0.486500] (tutorial_pkg) StdoutLine: {'line': b'-- Detecting C compile features - done\n'}
[0.492970] (tutorial_pkg) StdoutLine: {'line': b'-- Detecting CXX compiler ABI info\n'}
[0.499940] (-) TimerEvent: {}
[0.600792] (-) TimerEvent: {}
[0.665812] (tutorial_pkg) StdoutLine: {'line': b'-- Detecting CXX compiler ABI info - done\n'}
[0.684339] (tutorial_pkg) StdoutLine: {'line': b'-- Check for working CXX compiler: /usr/bin/c++ - skipped\n'}
[0.684814] (tutorial_pkg) StdoutLine: {'line': b'-- Detecting CXX compile features\n'}
[0.686013] (tutorial_pkg) StdoutLine: {'line': b'-- Detecting CXX compile features - done\n'}
[0.690619] (tutorial_pkg) StdoutLine: {'line': b'-- Found ament_cmake: 1.3.14 (/opt/ros/humble/share/ament_cmake/cmake)\n'}
[0.701752] (-) TimerEvent: {}
[0.801995] (-) TimerEvent: {}
[0.902294] (-) TimerEvent: {}
[0.990849] (tutorial_pkg) StdoutLine: {'line': b'-- Found Python3: /usr/bin/python3 (found version "3.10.12") found components: Interpreter \n'}
[1.002425] (-) TimerEvent: {}
[1.102739] (-) TimerEvent: {}
[1.187726] (tutorial_pkg) StdoutLine: {'line': b'-- Found rclcpp: 16.0.19 (/opt/ros/humble/share/rclcpp/cmake)\n'}
[1.202886] (-) TimerEvent: {}
[1.276521] (tutorial_pkg) StdoutLine: {'line': b'-- Found rosidl_generator_c: 3.1.8 (/opt/ros/humble/share/rosidl_generator_c/cmake)\n'}
[1.286493] (tutorial_pkg) StdoutLine: {'line': b'-- Found rosidl_adapter: 3.1.8 (/opt/ros/humble/share/rosidl_adapter/cmake)\n'}
[1.303024] (-) TimerEvent: {}
[1.303744] (tutorial_pkg) StdoutLine: {'line': b'-- Found rosidl_generator_cpp: 3.1.8 (/opt/ros/humble/share/rosidl_generator_cpp/cmake)\n'}
[1.333143] (tutorial_pkg) StdoutLine: {'line': b'-- Using all available rosidl_typesupport_c: rosidl_typesupport_fastrtps_c;rosidl_typesupport_introspection_c\n'}
[1.374080] (tutorial_pkg) StdoutLine: {'line': b'-- Using all available rosidl_typesupport_cpp: rosidl_typesupport_fastrtps_cpp;rosidl_typesupport_introspection_cpp\n'}
[1.403172] (-) TimerEvent: {}
[1.476098] (tutorial_pkg) StdoutLine: {'line': b'-- Found rmw_implementation_cmake: 6.1.2 (/opt/ros/humble/share/rmw_implementation_cmake/cmake)\n'}
[1.480809] (tutorial_pkg) StdoutLine: {'line': b'-- Found rmw_fastrtps_cpp: 6.2.10 (/opt/ros/humble/share/rmw_fastrtps_cpp/cmake)\n'}
[1.503306] (-) TimerEvent: {}
[1.603588] (-) TimerEvent: {}
[1.648837] (tutorial_pkg) StdoutLine: {'line': b'-- Found OpenSSL: /usr/lib/x86_64-linux-gnu/libcrypto.so (found version "3.0.2")  \n'}
[1.685083] (tutorial_pkg) StdoutLine: {'line': b'-- Found FastRTPS: /opt/ros/humble/include  \n'}
[1.703784] (-) TimerEvent: {}
[1.755031] (tutorial_pkg) StdoutLine: {'line': b"-- Using RMW implementation 'rmw_fastrtps_cpp' as default\n"}
[1.774858] (tutorial_pkg) StdoutLine: {'line': b'-- Looking for pthread.h\n'}
[1.803952] (-) TimerEvent: {}
[1.904274] (-) TimerEvent: {}
[1.924863] (tutorial_pkg) StdoutLine: {'line': b'-- Looking for pthread.h - found\n'}
[1.925740] (tutorial_pkg) StdoutLine: {'line': b'-- Performing Test CMAKE_HAVE_LIBC_PTHREAD\n'}
[2.004422] (-) TimerEvent: {}
[2.089764] (tutorial_pkg) StdoutLine: {'line': b'-- Performing Test CMAKE_HAVE_LIBC_PTHREAD - Success\n'}
[2.092900] (tutorial_pkg) StdoutLine: {'line': b'-- Found Threads: TRUE  \n'}
[2.104567] (-) TimerEvent: {}
[2.204867] (-) TimerEvent: {}
[2.226187] (tutorial_pkg) StdoutLine: {'line': b'-- Found sensor_msgs: 4.9.1 (/opt/ros/humble/share/sensor_msgs/cmake)\n'}
[2.305005] (-) TimerEvent: {}
[2.405330] (-) TimerEvent: {}
[2.466562] (tutorial_pkg) StdoutLine: {'line': b'-- Configuring done\n'}
[2.490795] (tutorial_pkg) StdoutLine: {'line': b'-- Generating done\n'}
[2.498173] (tutorial_pkg) StdoutLine: {'line': b'-- Build files have been written to: /ws/build_humble/tutorial_pkg\n'}
[2.505445] (-) TimerEvent: {}
[2.512520] (tutorial_pkg) CommandEnded: {'returncode': 0}
[2.513625] (tutorial_pkg) JobProgress: {'identifier': 'tutorial_pkg', 'progress': 'build'}
[2.514967] (tutorial_pkg) Command: {'cmd': ['/usr/bin/cmake', '--build', '/ws/build_humble/tutorial_pkg', '--', '-j32', '-l32'], 'cwd': '/ws/build_humble/tutorial_pkg', 'env': OrderedDict([('HOSTNAME', 'jiawensun'), ('SHLVL', '0'), ('LD_LIBRARY_PATH', '/opt/ros/humble/lib/x86_64-linux-gnu:/opt/ros/humble/lib'), ('HOME', '/root'), ('ROS_PYTHON_VERSION', '3'), ('ROS_DISTRO', 'humble'), ('_', '/usr/bin/colcon'), ('ROS_VERSION', '2'), ('ROS_LOCALHOST_ONLY', '0'), ('PATH', '/opt/ros/humble/bin:/usr/local/sbin:/usr/local/bin:/usr/sbin:/usr/bin:/sbin:/bin'), ('LANG', 'C.UTF-8'), ('AMENT_PREFIX_PATH', '/opt/ros/humble'), ('PWD', '/ws/build_humble/tutorial_pkg'), ('LC_ALL', 'C.UTF-8'), ('PYTHONPATH', '/opt/ros/humble/lib/python3.10/site-packages:/opt/ros/humble/local/lib/python3.10/dist-packages'), ('COLCON', '1'), ('CMAKE_PREFIX_PATH', '/opt/ros/humble')]), 'shell': False}
[2.605620] (-) TimerEvent: {}
[2.620497] (tutorial_pkg) StdoutLine: {'line': b'[ 50%] Building CXX object CMakeFiles/my_first_node.dir/src/my_first_node.cpp.o\n'}
[2.705788] (-) TimerEvent: {}
[2.806132] (-) TimerEvent: {}
[2.906480] (-) TimerEvent: {}
[3.006904] (-) TimerEvent: {}
[3.107239] (-) TimerEvent: {}
[3.207754] (-) TimerEvent: {}
[3.308132] (-) TimerEvent: {}
[3.408504] (-) TimerEvent: {}
[3.509822] (-) TimerEvent: {}
[3.610146] (-) TimerEvent: {}
[3.710836] (-) TimerEvent: {}
[3.811177] (-) TimerEvent: {}
[3.911464] (-) TimerEvent: {}
[4.011806] (-) TimerEvent: {}
[4.112086] (-) TimerEvent: {}
[4.212404] (-) TimerEvent: {}
[4.312810] (-) TimerEvent: {}
[4.413112] (-) TimerEvent: {}
[4.514483] (-) TimerEvent: {}
[4.614874] (-) TimerEvent: {}
[4.715184] (-) TimerEvent: {}
[4.815513] (-) TimerEvent: {}
[4.915837] (-) TimerEvent: {}
[5.016171] (-) TimerEvent: {}
[5.116509] (-) TimerEvent: {}
[5.216871] (-) TimerEvent: {}
[5.317169] (-) TimerEvent: {}
[5.417501] (-) TimerEvent: {}
[5.517805] (-) TimerEvent: {}
[5.619974] (-) TimerEvent: {}
[5.720757] (-) TimerEvent: {}
[5.821035] (-) TimerEvent: {}
[5.921360] (-) TimerEvent: {}
[6.021675] (-) TimerEvent: {}
[6.122204] (-) TimerEvent: {}
[6.222586] (-) TimerEvent: {}
[6.323017] (-) TimerEvent: {}
[6.423803] (-) TimerEvent: {}
[6.524162] (-) TimerEvent: {}
[6.624500] (-) TimerEvent: {}
[6.725010] (-) TimerEvent: {}
[6.825790] (-) TimerEvent: {}
[6.926133] (-) TimerEvent: {}
[7.026519] (-) TimerEvent: {}
[7.126784] (-) TimerEvent: {}
[7.227058] (-) TimerEvent: {}
[7.327408] (-) TimerEvent: {}
[7.427720] (-) TimerEvent: {}
[7.527996] (-) TimerEvent: {}
[7.628295] (-) TimerEvent: {}
[7.728625] (-) TimerEvent: {}
[7.828959] (-) TimerEvent: {}
[7.896510] (tutorial_pkg) StderrLine: {'line': b'/ws/tutorial_pkg/src/my_first_node.cpp: In constructor \xe2\x80\x98MyNode::MyNode()\xe2\x80\x99:\n'}
[7.896982] (tutorial_pkg) StderrLine: {'line': b'/ws/tutorial_pkg/src/my_first_node.cpp:19:13: error: \xe2\x80\x98publisher_\xe2\x80\x99 was not declared in this scope; did you mean \xe2\x80\x98rmw_publisher_t\xe2\x80\x99?\n'}
[7.897168] (tutorial_pkg) StderrLine: {'line': b'   19 |             publisher_ = create_publisher<std_msgs::msg::UInt8>\n'}
[7.897338] (tutorial_pkg) StderrLine: {'line': b'      |             ^~~~~~~~~~\n'}
[7.897496] (tutorial_pkg) StderrLine: {'line': b'      |             rmw_publisher_t\n'}
[7.904473] (tutorial_pkg) StderrLine: {'line': b'/ws/tutorial_pkg/src/my_first_node.cpp: In member function \xe2\x80\x98void MyNode::image_callback(sensor_msgs::msg::Image_<std::allocator<void> >::SharedPtr)\xe2\x80\x99:\n'}
[7.904897] (tutorial_pkg) StderrLine: {'line': b'/ws/tutorial_pkg/src/my_first_node.cpp:33:28: error: \xe2\x80\x98UInt\xe2\x80\x99 is not a member of \xe2\x80\x98std_msgs::msg\xe2\x80\x99; did you mean \xe2\x80\x98UInt8\xe2\x80\x99?\n'}
[7.905105] (tutorial_pkg) StderrLine: {'line': b'   33 |             std_msgs::msg::UInt 8 brightness_msg;\n'}
[7.905290] (tutorial_pkg) StderrLine: {'line': b'      |                            ^~~~\n'}
[7.905484] (tutorial_pkg) StderrLine: {'line': b'      |                            UInt8\n'}
[7.922001] (tutorial_pkg) StderrLine: {'line': b'/ws/tutorial_pkg/src/my_first_node.cpp:34:13: error: \xe2\x80\x98brightness_msg\xe2\x80\x99 was not declared in this scope\n'}
[7.922365] (tutorial_pkg) StderrLine: {'line': b'   34 |             brightness_msg.data = avg;\n'}
[7.922527] (tutorial_pkg) StderrLine: {'line': b'      |             ^~~~~~~~~~~~~~\n'}
[7.929093] (-) TimerEvent: {}
[7.931379] (tutorial_pkg) StderrLine: {'line': b'/ws/tutorial_pkg/src/my_first_node.cpp:34:35: error: \xe2\x80\x98avg\xe2\x80\x99 was not declared in this scope\n'}
[7.931616] (tutorial_pkg) StderrLine: {'line': b'   34 |             brightness_msg.data = avg;\n'}
[7.931815] (tutorial_pkg) StderrLine: {'line': b'      |                                   ^~~\n'}
[7.944493] (tutorial_pkg) StderrLine: {'line': b'/ws/tutorial_pkg/src/my_first_node.cpp:35:13: error: \xe2\x80\x98publisher_\xe2\x80\x99 was not declared in this scope; did you mean \xe2\x80\x98rmw_publisher_t\xe2\x80\x99?\n'}
[7.944800] (tutorial_pkg) StderrLine: {'line': b'   35 |             publisher_->publish(brightness_msg);\n'}
[7.945122] (tutorial_pkg) StderrLine: {'line': b'      |             ^~~~~~~~~~\n'}
[7.945254] (tutorial_pkg) StderrLine: {'line': b'      |             rmw_publisher_t\n'}
[8.029262] (-) TimerEvent: {}
[8.129757] (-) TimerEvent: {}
[8.230036] (-) TimerEvent: {}
[8.330320] (-) TimerEvent: {}
[8.430608] (-) TimerEvent: {}
[8.531799] (-) TimerEvent: {}
[8.632140] (-) TimerEvent: {}
[8.732477] (-) TimerEvent: {}
[8.832916] (-) TimerEvent: {}
[8.933260] (-) TimerEvent: {}
[9.033620] (-) TimerEvent: {}
[9.133993] (-) TimerEvent: {}
[9.235425] (-) TimerEvent: {}
[9.335835] (-) TimerEvent: {}
[9.436199] (-) TimerEvent: {}
[9.536518] (-) TimerEvent: {}
[9.636833] (-) TimerEvent: {}
[9.737161] (-) TimerEvent: {}
[9.837519] (-) TimerEvent: {}
[9.937797] (-) TimerEvent: {}
[10.038120] (-) TimerEvent: {}
[10.138435] (-) TimerEvent: {}
[10.238752] (-) TimerEvent: {}
[10.339047] (-) TimerEvent: {}
[10.439368] (-) TimerEvent: {}
[10.540317] (-) TimerEvent: {}
[10.640592] (-) TimerEvent: {}
[10.742811] (-) TimerEvent: {}
[10.843257] (-) TimerEvent: {}
[10.943605] (-) TimerEvent: {}
[11.044052] (-) TimerEvent: {}
[11.144459] (-) TimerEvent: {}
[11.244816] (-) TimerEvent: {}
[11.345196] (-) TimerEvent: {}
[11.445546] (-) TimerEvent: {}
[11.547173] (-) TimerEvent: {}
[11.647585] (-) TimerEvent: {}
[11.747980] (-) TimerEvent: {}
[11.848296] (-) TimerEvent: {}
[11.948590] (-) TimerEvent: {}
[12.048897] (-) TimerEvent: {}
[12.149204] (-) TimerEvent: {}
[12.249489] (-) TimerEvent: {}
[12.349781] (-) TimerEvent: {}
[12.450088] (-) TimerEvent: {}
[12.550381] (-) TimerEvent: {}
[12.650655] (-) TimerEvent: {}
[12.750936] (-) TimerEvent: {}
[12.851183] (-) TimerEvent: {}
[12.951440] (-) TimerEvent: {}
[12.984427] (tutorial_pkg) StderrLine: {'line': b'gmake[2]: *** [CMakeFiles/my_first_node.dir/build.make:76: CMakeFiles/my_first_node.dir/src/my_first_node.cpp.o] Error 1\n'}
[12.985801] (tutorial_pkg) StderrLine: {'line': b'gmake[1]: *** [CMakeFiles/Makefile2:137: CMakeFiles/my_first_node.dir/all] Error 2\n'}
[12.986045] (tutorial_pkg) StderrLine: {'line': b'gmake: *** [Makefile:146: all] Error 2\n'}
[12.990303] (tutorial_pkg) CommandEnded: {'returncode': 2}
[13.016933] (tutorial_pkg) JobEnded: {'identifier': 'tutorial_pkg', 'rc': 2}
[13.027699] (-) EventReactorShutdown: {}
