[0.289s] DEBUG:colcon:Command line arguments: ['/usr/bin/colcon', '--log-base', 'log_humble', 'build', '--packages-select', 'tutorial_pkg', '--build-base', 'build_humble', '--install-base', 'install_humble']
[0.289s] DEBUG:colcon:Parsed command line arguments: Namespace(log_base='log_humble', log_level=None, verb_name='build', build_base='/ws/build_humble', install_base='/ws/install_humble', merge_install=False, symlink_install=False, test_result_base=None, continue_on_error=False, executor='parallel', parallel_workers=32, event_handlers=None, ignore_user_meta=False, metas=['./colcon.meta'], base_paths=['.'], packages_ignore=None, packages_ignore_regex=None, paths=None, packages_up_to=None, packages_up_to_regex=None, packages_above=None, packages_above_and_dependencies=None, packages_above_depth=None, packages_select_by_dep=None, packages_skip_by_dep=None, packages_skip_up_to=None, packages_select_build_failed=False, packages_skip_build_finished=False, packages_select_test_failures=False, packages_skip_test_passed=False, packages_select=['tutorial_pkg'], packages_skip=None, packages_select_regex=None, packages_skip_regex=None, packages_start=None, packages_end=None, cmake_args=None, cmake_target=None, cmake_target_skip_unavailable=False, cmake_clean_cache=False, cmake_clean_first=False, cmake_force_configure=False, ament_cmake_args=None, catkin_cmake_args=None, catkin_skip_building_tests=False, mixin_files=None, mixin=None, verb_parser=<colcon_mixin.mixin.mixin_argument.MixinArgumentDecorator object at 0x774342319780>, verb_extension=<colcon_core.verb.build.BuildVerb object at 0x774342318bb0>, main=<bound method BuildVerb.main of <colcon_core.verb.build.BuildVerb object at 0x774342318bb0>>, mixin_verb=('build',))
[0.553s] Level 1:colcon.colcon_core.package_discovery:discover_packages(colcon_meta) check parameters
[0.555s] INFO:colcon.colcon_metadata.package_discovery.colcon_meta:Using configuration from '/root/.colcon/metadata/default/Gazebo.meta'
[0.557s] INFO:colcon.colcon_metadata.package_discovery.colcon_meta:Using configuration from '/root/.colcon/metadata/default/fastdds.meta'
[0.558s] INFO:colcon.colcon_metadata.package_discovery.colcon_meta:Using configuration from '/root/.colcon/metadata/default/fastrtps.meta'
[0.558s] Level 1:colcon.colcon_core.package_discovery:discover_packages(recursive) check parameters
[0.558s] Level 1:colcon.colcon_core.package_discovery:discover_packages(ignore) check parameters
[0.558s] Level 1:colcon.colcon_core.package_discovery:discover_packages(path) check parameters
[0.558s] Level 1:colcon.colcon_core.package_discovery:discover_packages(colcon_meta) discover
[0.559s] Level 1:colcon.colcon_core.package_discovery:discover_packages(recursive) discover
[0.559s] INFO:colcon.colcon_core.package_discovery:Crawling recursively for packages in '/ws'
[0.559s] Level 1:colcon.colcon_core.package_identification:_identify(.) by extensions ['ignore', 'ignore_ament_install']
[0.559s] Level 1:colcon.colcon_core.package_identification:_identify(.) by extension 'ignore'
[0.559s] Level 1:colcon.colcon_core.package_identification:_identify(.) by extension 'ignore_ament_install'
[0.559s] Level 1:colcon.colcon_core.package_identification:_identify(.) by extensions ['colcon_pkg']
[0.560s] Level 1:colcon.colcon_core.package_identification:_identify(.) by extension 'colcon_pkg'
[0.560s] Level 1:colcon.colcon_core.package_identification:_identify(.) by extensions ['colcon_meta']
[0.560s] Level 1:colcon.colcon_core.package_identification:_identify(.) by extension 'colcon_meta'
[0.560s] Level 1:colcon.colcon_core.package_identification:_identify(.) by extensions ['ros']
[0.560s] Level 1:colcon.colcon_core.package_identification:_identify(.) by extension 'ros'
[0.590s] Level 1:colcon.colcon_core.package_identification:_identify(.) by extensions ['cmake', 'python']
[0.590s] Level 1:colcon.colcon_core.package_identification:_identify(.) by extension 'cmake'
[0.590s] Level 1:colcon.colcon_core.package_identification:_identify(.) by extension 'python'
[0.590s] Level 1:colcon.colcon_core.package_identification:_identify(.) by extensions ['python_setup_py']
[0.590s] Level 1:colcon.colcon_core.package_identification:_identify(.) by extension 'python_setup_py'
[0.590s] Level 1:colcon.colcon_core.package_identification:_identify(build) by extensions ['ignore', 'ignore_ament_install']
[0.591s] Level 1:colcon.colcon_core.package_identification:_identify(build) by extension 'ignore'
[0.591s] Level 1:colcon.colcon_core.package_identification:_identify(build) ignored
[0.591s] Level 1:colcon.colcon_core.package_identification:_identify(build_humble) by extensions ['ignore', 'ignore_ament_install']
[0.591s] Level 1:colcon.colcon_core.package_identification:_identify(build_humble) by extension 'ignore'
[0.591s] Level 1:colcon.colcon_core.package_identification:_identify(build_humble) ignored
[0.591s] Level 1:colcon.colcon_core.package_identification:_identify(demos) by extensions ['ignore', 'ignore_ament_install']
[0.592s] Level 1:colcon.colcon_core.package_identification:_identify(demos) by extension 'ignore'
[0.592s] Level 1:colcon.colcon_core.package_identification:_identify(demos) by extension 'ignore_ament_install'
[0.592s] Level 1:colcon.colcon_core.package_identification:_identify(demos) by extensions ['colcon_pkg']
[0.592s] Level 1:colcon.colcon_core.package_identification:_identify(demos) by extension 'colcon_pkg'
[0.592s] Level 1:colcon.colcon_core.package_identification:_identify(demos) by extensions ['colcon_meta']
[0.592s] Level 1:colcon.colcon_core.package_identification:_identify(demos) by extension 'colcon_meta'
[0.592s] Level 1:colcon.colcon_core.package_identification:_identify(demos) by extensions ['ros']
[0.592s] Level 1:colcon.colcon_core.package_identification:_identify(demos) by extension 'ros'
[0.592s] Level 1:colcon.colcon_core.package_identification:_identify(demos) by extensions ['cmake', 'python']
[0.592s] Level 1:colcon.colcon_core.package_identification:_identify(demos) by extension 'cmake'
[0.592s] Level 1:colcon.colcon_core.package_identification:_identify(demos) by extension 'python'
[0.592s] Level 1:colcon.colcon_core.package_identification:_identify(demos) by extensions ['python_setup_py']
[0.593s] Level 1:colcon.colcon_core.package_identification:_identify(demos) by extension 'python_setup_py'
[0.593s] Level 1:colcon.colcon_core.package_identification:_identify(install) by extensions ['ignore', 'ignore_ament_install']
[0.593s] Level 1:colcon.colcon_core.package_identification:_identify(install) by extension 'ignore'
[0.593s] Level 1:colcon.colcon_core.package_identification:_identify(install) ignored
[0.593s] Level 1:colcon.colcon_core.package_identification:_identify(install_humble) by extensions ['ignore', 'ignore_ament_install']
[0.593s] Level 1:colcon.colcon_core.package_identification:_identify(install_humble) by extension 'ignore'
[0.594s] Level 1:colcon.colcon_core.package_identification:_identify(install_humble) ignored
[0.594s] Level 1:colcon.colcon_core.package_identification:_identify(launch) by extensions ['ignore', 'ignore_ament_install']
[0.594s] Level 1:colcon.colcon_core.package_identification:_identify(launch) by extension 'ignore'
[0.594s] Level 1:colcon.colcon_core.package_identification:_identify(launch) by extension 'ignore_ament_install'
[0.594s] Level 1:colcon.colcon_core.package_identification:_identify(launch) by extensions ['colcon_pkg']
[0.594s] Level 1:colcon.colcon_core.package_identification:_identify(launch) by extension 'colcon_pkg'
[0.594s] Level 1:colcon.colcon_core.package_identification:_identify(launch) by extensions ['colcon_meta']
[0.595s] Level 1:colcon.colcon_core.package_identification:_identify(launch) by extension 'colcon_meta'
[0.595s] Level 1:colcon.colcon_core.package_identification:_identify(launch) by extensions ['ros']
[0.595s] Level 1:colcon.colcon_core.package_identification:_identify(launch) by extension 'ros'
[0.595s] Level 1:colcon.colcon_core.package_identification:_identify(launch) by extensions ['cmake', 'python']
[0.595s] Level 1:colcon.colcon_core.package_identification:_identify(launch) by extension 'cmake'
[0.595s] Level 1:colcon.colcon_core.package_identification:_identify(launch) by extension 'python'
[0.595s] Level 1:colcon.colcon_core.package_identification:_identify(launch) by extensions ['python_setup_py']
[0.595s] Level 1:colcon.colcon_core.package_identification:_identify(launch) by extension 'python_setup_py'
[0.595s] Level 1:colcon.colcon_core.package_identification:_identify(log) by extensions ['ignore', 'ignore_ament_install']
[0.595s] Level 1:colcon.colcon_core.package_identification:_identify(log) by extension 'ignore'
[0.596s] Level 1:colcon.colcon_core.package_identification:_identify(log) ignored
[0.596s] Level 1:colcon.colcon_core.package_identification:_identify(log_humble) by extensions ['ignore', 'ignore_ament_install']
[0.596s] Level 1:colcon.colcon_core.package_identification:_identify(log_humble) by extension 'ignore'
[0.596s] Level 1:colcon.colcon_core.package_identification:_identify(log_humble) ignored
[0.596s] Level 1:colcon.colcon_core.package_identification:_identify(src) by extensions ['ignore', 'ignore_ament_install']
[0.596s] Level 1:colcon.colcon_core.package_identification:_identify(src) by extension 'ignore'
[0.596s] Level 1:colcon.colcon_core.package_identification:_identify(src) by extension 'ignore_ament_install'
[0.596s] Level 1:colcon.colcon_core.package_identification:_identify(src) by extensions ['colcon_pkg']
[0.596s] Level 1:colcon.colcon_core.package_identification:_identify(src) by extension 'colcon_pkg'
[0.596s] Level 1:colcon.colcon_core.package_identification:_identify(src) by extensions ['colcon_meta']
[0.597s] Level 1:colcon.colcon_core.package_identification:_identify(src) by extension 'colcon_meta'
[0.597s] Level 1:colcon.colcon_core.package_identification:_identify(src) by extensions ['ros']
[0.597s] Level 1:colcon.colcon_core.package_identification:_identify(src) by extension 'ros'
[0.597s] Level 1:colcon.colcon_core.package_identification:_identify(src) by extensions ['cmake', 'python']
[0.597s] Level 1:colcon.colcon_core.package_identification:_identify(src) by extension 'cmake'
[0.597s] Level 1:colcon.colcon_core.package_identification:_identify(src) by extension 'python'
[0.597s] Level 1:colcon.colcon_core.package_identification:_identify(src) by extensions ['python_setup_py']
[0.597s] Level 1:colcon.colcon_core.package_identification:_identify(src) by extension 'python_setup_py'
[0.597s] Level 1:colcon.colcon_core.package_identification:_identify(src/cpp_pubsub) by extensions ['ignore', 'ignore_ament_install']
[0.597s] Level 1:colcon.colcon_core.package_identification:_identify(src/cpp_pubsub) by extension 'ignore'
[0.598s] Level 1:colcon.colcon_core.package_identification:_identify(src/cpp_pubsub) by extension 'ignore_ament_install'
[0.598s] Level 1:colcon.colcon_core.package_identification:_identify(src/cpp_pubsub) by extensions ['colcon_pkg']
[0.598s] Level 1:colcon.colcon_core.package_identification:_identify(src/cpp_pubsub) by extension 'colcon_pkg'
[0.598s] Level 1:colcon.colcon_core.package_identification:_identify(src/cpp_pubsub) by extensions ['colcon_meta']
[0.598s] Level 1:colcon.colcon_core.package_identification:_identify(src/cpp_pubsub) by extension 'colcon_meta'
[0.598s] Level 1:colcon.colcon_core.package_identification:_identify(src/cpp_pubsub) by extensions ['ros']
[0.598s] Level 1:colcon.colcon_core.package_identification:_identify(src/cpp_pubsub) by extension 'ros'
[0.604s] DEBUG:colcon.colcon_core.package_identification:Package 'src/cpp_pubsub' with type 'ros.ament_cmake' and name 'cpp_pubsub'
[0.605s] Level 1:colcon.colcon_core.package_identification:_identify(src/py_pubsub) by extensions ['ignore', 'ignore_ament_install']
[0.605s] Level 1:colcon.colcon_core.package_identification:_identify(src/py_pubsub) by extension 'ignore'
[0.605s] Level 1:colcon.colcon_core.package_identification:_identify(src/py_pubsub) by extension 'ignore_ament_install'
[0.605s] Level 1:colcon.colcon_core.package_identification:_identify(src/py_pubsub) by extensions ['colcon_pkg']
[0.605s] Level 1:colcon.colcon_core.package_identification:_identify(src/py_pubsub) by extension 'colcon_pkg'
[0.605s] Level 1:colcon.colcon_core.package_identification:_identify(src/py_pubsub) by extensions ['colcon_meta']
[0.605s] Level 1:colcon.colcon_core.package_identification:_identify(src/py_pubsub) by extension 'colcon_meta'
[0.606s] Level 1:colcon.colcon_core.package_identification:_identify(src/py_pubsub) by extensions ['ros']
[0.606s] Level 1:colcon.colcon_core.package_identification:_identify(src/py_pubsub) by extension 'ros'
[0.607s] DEBUG:colcon.colcon_core.package_identification:Package 'src/py_pubsub' with type 'ros.catkin' and name 'py_pubsub'
[0.607s] Level 1:colcon.colcon_core.package_identification:_identify(tutorial_pkg) by extensions ['ignore', 'ignore_ament_install']
[0.607s] Level 1:colcon.colcon_core.package_identification:_identify(tutorial_pkg) by extension 'ignore'
[0.607s] Level 1:colcon.colcon_core.package_identification:_identify(tutorial_pkg) by extension 'ignore_ament_install'
[0.607s] Level 1:colcon.colcon_core.package_identification:_identify(tutorial_pkg) by extensions ['colcon_pkg']
[0.607s] Level 1:colcon.colcon_core.package_identification:_identify(tutorial_pkg) by extension 'colcon_pkg'
[0.607s] Level 1:colcon.colcon_core.package_identification:_identify(tutorial_pkg) by extensions ['colcon_meta']
[0.608s] Level 1:colcon.colcon_core.package_identification:_identify(tutorial_pkg) by extension 'colcon_meta'
[0.608s] Level 1:colcon.colcon_core.package_identification:_identify(tutorial_pkg) by extensions ['ros']
[0.608s] Level 1:colcon.colcon_core.package_identification:_identify(tutorial_pkg) by extension 'ros'
[0.609s] DEBUG:colcon.colcon_core.package_identification:Package 'tutorial_pkg' with type 'ros.ament_cmake' and name 'tutorial_pkg'
[0.609s] Level 1:colcon.colcon_core.package_identification:_identify(urdf) by extensions ['ignore', 'ignore_ament_install']
[0.609s] Level 1:colcon.colcon_core.package_identification:_identify(urdf) by extension 'ignore'
[0.609s] Level 1:colcon.colcon_core.package_identification:_identify(urdf) by extension 'ignore_ament_install'
[0.609s] Level 1:colcon.colcon_core.package_identification:_identify(urdf) by extensions ['colcon_pkg']
[0.609s] Level 1:colcon.colcon_core.package_identification:_identify(urdf) by extension 'colcon_pkg'
[0.610s] Level 1:colcon.colcon_core.package_identification:_identify(urdf) by extensions ['colcon_meta']
[0.610s] Level 1:colcon.colcon_core.package_identification:_identify(urdf) by extension 'colcon_meta'
[0.610s] Level 1:colcon.colcon_core.package_identification:_identify(urdf) by extensions ['ros']
[0.610s] Level 1:colcon.colcon_core.package_identification:_identify(urdf) by extension 'ros'
[0.610s] Level 1:colcon.colcon_core.package_identification:_identify(urdf) by extensions ['cmake', 'python']
[0.610s] Level 1:colcon.colcon_core.package_identification:_identify(urdf) by extension 'cmake'
[0.610s] Level 1:colcon.colcon_core.package_identification:_identify(urdf) by extension 'python'
[0.610s] Level 1:colcon.colcon_core.package_identification:_identify(urdf) by extensions ['python_setup_py']
[0.610s] Level 1:colcon.colcon_core.package_identification:_identify(urdf) by extension 'python_setup_py'
[0.610s] Level 1:colcon.colcon_core.package_discovery:discover_packages(recursive) using defaults
[0.610s] Level 1:colcon.colcon_core.package_discovery:discover_packages(ignore) discover
[0.610s] Level 1:colcon.colcon_core.package_discovery:discover_packages(ignore) using defaults
[0.610s] Level 1:colcon.colcon_core.package_discovery:discover_packages(path) discover
[0.610s] Level 1:colcon.colcon_core.package_discovery:discover_packages(path) using defaults
[0.659s] INFO:colcon.colcon_core.package_selection:Skipping not selected package 'cpp_pubsub' in 'src/cpp_pubsub'
[0.659s] INFO:colcon.colcon_core.package_selection:Skipping not selected package 'py_pubsub' in 'src/py_pubsub'
[0.660s] Level 5:colcon.colcon_core.verb:set package 'tutorial_pkg' build argument 'cmake_args' from command line to 'None'
[0.660s] Level 5:colcon.colcon_core.verb:set package 'tutorial_pkg' build argument 'cmake_target' from command line to 'None'
[0.660s] Level 5:colcon.colcon_core.verb:set package 'tutorial_pkg' build argument 'cmake_target_skip_unavailable' from command line to 'False'
[0.661s] Level 5:colcon.colcon_core.verb:set package 'tutorial_pkg' build argument 'cmake_clean_cache' from command line to 'False'
[0.661s] Level 5:colcon.colcon_core.verb:set package 'tutorial_pkg' build argument 'cmake_clean_first' from command line to 'False'
[0.661s] Level 5:colcon.colcon_core.verb:set package 'tutorial_pkg' build argument 'cmake_force_configure' from command line to 'False'
[0.661s] Level 5:colcon.colcon_core.verb:set package 'tutorial_pkg' build argument 'ament_cmake_args' from command line to 'None'
[0.661s] Level 5:colcon.colcon_core.verb:set package 'tutorial_pkg' build argument 'catkin_cmake_args' from command line to 'None'
[0.661s] Level 5:colcon.colcon_core.verb:set package 'tutorial_pkg' build argument 'catkin_skip_building_tests' from command line to 'False'
[0.661s] DEBUG:colcon.colcon_core.verb:Building package 'tutorial_pkg' with the following arguments: {'ament_cmake_args': None, 'build_base': '/ws/build_humble/tutorial_pkg', 'catkin_cmake_args': None, 'catkin_skip_building_tests': False, 'cmake_args': None, 'cmake_clean_cache': False, 'cmake_clean_first': False, 'cmake_force_configure': False, 'cmake_target': None, 'cmake_target_skip_unavailable': False, 'install_base': '/ws/install_humble/tutorial_pkg', 'merge_install': False, 'path': '/ws/tutorial_pkg', 'symlink_install': False, 'test_result_base': None}
[0.661s] INFO:colcon.colcon_core.executor:Executing jobs using 'parallel' executor
[0.664s] DEBUG:colcon.colcon_parallel_executor.executor.parallel:run_until_complete
[0.665s] INFO:colcon.colcon_ros.task.ament_cmake.build:Building ROS package in '/ws/tutorial_pkg' with build type 'ament_cmake'
[0.665s] INFO:colcon.colcon_cmake.task.cmake.build:Building CMake package in '/ws/tutorial_pkg'
[0.670s] INFO:colcon.colcon_core.plugin_system:Skipping extension 'colcon_core.shell.bat': Not used on non-Windows systems
[0.671s] INFO:colcon.colcon_core.shell:Skip shell extension 'powershell' for command environment: Not usable outside of PowerShell
[0.671s] DEBUG:colcon.colcon_core.shell:Skip shell extension 'dsv' for command environment
[0.688s] DEBUG:colcon.colcon_core.event_handler.log_command:Invoking command in '/ws/build_humble/tutorial_pkg': CMAKE_PREFIX_PATH=/opt/ros/humble /usr/bin/cmake /ws/tutorial_pkg -DCMAKE_INSTALL_PREFIX=/ws/install_humble/tutorial_pkg
[3.177s] DEBUG:colcon.colcon_core.event_handler.log_command:Invoked command in '/ws/build_humble/tutorial_pkg' returned '0': CMAKE_PREFIX_PATH=/opt/ros/humble /usr/bin/cmake /ws/tutorial_pkg -DCMAKE_INSTALL_PREFIX=/ws/install_humble/tutorial_pkg
[3.180s] DEBUG:colcon.colcon_core.event_handler.log_command:Invoking command in '/ws/build_humble/tutorial_pkg': CMAKE_PREFIX_PATH=/opt/ros/humble /usr/bin/cmake --build /ws/build_humble/tutorial_pkg -- -j32 -l32
[13.655s] DEBUG:colcon.colcon_core.event_handler.log_command:Invoked command in '/ws/build_humble/tutorial_pkg' returned '2': CMAKE_PREFIX_PATH=/opt/ros/humble /usr/bin/cmake --build /ws/build_humble/tutorial_pkg -- -j32 -l32
[13.656s] Level 1:colcon.colcon_core.environment:create_environment_scripts_only(tutorial_pkg)
[13.663s] Level 1:colcon.colcon_core.environment:checking '/ws/install_humble/tutorial_pkg' for CMake module files
[13.664s] Level 1:colcon.colcon_core.environment:checking '/ws/install_humble/tutorial_pkg' for CMake config files
[13.665s] Level 1:colcon.colcon_core.environment:checking '/ws/install_humble/tutorial_pkg/bin'
[13.665s] Level 1:colcon.colcon_core.environment:checking '/ws/install_humble/tutorial_pkg/lib/pkgconfig/tutorial_pkg.pc'
[13.669s] Level 1:colcon.colcon_core.environment:checking '/ws/install_humble/tutorial_pkg/lib/python3.10/site-packages'
[13.670s] Level 1:colcon.colcon_core.environment:checking '/ws/install_humble/tutorial_pkg/bin'
[13.671s] INFO:colcon.colcon_core.shell:Creating package script '/ws/install_humble/tutorial_pkg/share/tutorial_pkg/package.ps1'
[13.673s] INFO:colcon.colcon_core.shell:Creating package descriptor '/ws/install_humble/tutorial_pkg/share/tutorial_pkg/package.dsv'
[13.674s] INFO:colcon.colcon_core.shell:Creating package script '/ws/install_humble/tutorial_pkg/share/tutorial_pkg/package.sh'
[13.676s] INFO:colcon.colcon_core.shell:Creating package script '/ws/install_humble/tutorial_pkg/share/tutorial_pkg/package.bash'
[13.678s] INFO:colcon.colcon_core.shell:Creating package script '/ws/install_humble/tutorial_pkg/share/tutorial_pkg/package.zsh'
[13.680s] Level 1:colcon.colcon_core.environment:create_file_with_runtime_dependencies(/ws/install_humble/tutorial_pkg/share/colcon-core/packages/tutorial_pkg)
[13.691s] DEBUG:colcon.colcon_parallel_executor.executor.parallel:closing loop
[13.691s] DEBUG:colcon.colcon_parallel_executor.executor.parallel:loop closed
[13.691s] DEBUG:colcon.colcon_parallel_executor.executor.parallel:run_until_complete finished with '2'
[13.691s] DEBUG:colcon.colcon_core.event_reactor:joining thread
[13.702s] INFO:colcon.colcon_core.plugin_system:Skipping extension 'colcon_notification.desktop_notification.notify_send': Could not find 'notify-send'
[13.702s] INFO:colcon.colcon_core.plugin_system:Skipping extension 'colcon_notification.desktop_notification.terminal_notifier': Not used on non-Darwin systems
[13.702s] INFO:colcon.colcon_core.plugin_system:Skipping extension 'colcon_notification.desktop_notification.win32': Not used on non-Windows systems
[13.702s] INFO:colcon.colcon_notification.desktop_notification:Sending desktop notification using 'notify2'
[13.702s] DEBUG:colcon.colcon_notification.desktop_notification.notify2:Failed to initialize notify2: org.freedesktop.DBus.Error.NotSupported: Unable to autolaunch a dbus-daemon without a $DISPLAY for X11
[13.702s] DEBUG:colcon.colcon_core.event_reactor:joined thread
[13.703s] INFO:colcon.colcon_core.shell:Creating prefix script '/ws/install_humble/local_setup.ps1'
[13.705s] INFO:colcon.colcon_core.shell:Creating prefix util module '/ws/install_humble/_local_setup_util_ps1.py'
[13.710s] INFO:colcon.colcon_core.shell:Creating prefix chain script '/ws/install_humble/setup.ps1'
[13.713s] INFO:colcon.colcon_core.shell:Creating prefix script '/ws/install_humble/local_setup.sh'
[13.714s] INFO:colcon.colcon_core.shell:Creating prefix util module '/ws/install_humble/_local_setup_util_sh.py'
[13.716s] INFO:colcon.colcon_core.shell:Creating prefix chain script '/ws/install_humble/setup.sh'
[13.719s] INFO:colcon.colcon_core.shell:Creating prefix script '/ws/install_humble/local_setup.bash'
[13.720s] INFO:colcon.colcon_core.shell:Creating prefix chain script '/ws/install_humble/setup.bash'
[13.722s] INFO:colcon.colcon_core.shell:Creating prefix script '/ws/install_humble/local_setup.zsh'
[13.723s] INFO:colcon.colcon_core.shell:Creating prefix chain script '/ws/install_humble/setup.zsh'
