-- Found ament_cmake: 1.3.14 (/opt/ros/humble/share/ament_cmake/cmake)
-- Found rclcpp: 16.0.19 (/opt/ros/humble/share/rclcpp/cmake)
-- Found rosidl_generator_c: 3.1.8 (/opt/ros/humble/share/rosidl_generator_c/cmake)
-- Found rosidl_adapter: 3.1.8 (/opt/ros/humble/share/rosidl_adapter/cmake)
-- Found rosidl_generator_cpp: 3.1.8 (/opt/ros/humble/share/rosidl_generator_cpp/cmake)
-- Using all available rosidl_typesupport_c: rosidl_typesupport_fastrtps_c;rosidl_typesupport_introspection_c
-- Using all available rosidl_typesupport_cpp: rosidl_typesupport_fastrtps_cpp;rosidl_typesupport_introspection_cpp
-- Found rmw_implementation_cmake: 6.1.2 (/opt/ros/humble/share/rmw_implementation_cmake/cmake)
-- Found rmw_fastrtps_cpp: 6.2.10 (/opt/ros/humble/share/rmw_fastrtps_cpp/cmake)
-- Using RMW implementation 'rmw_fastrtps_cpp' as default
-- Found sensor_msgs: 4.9.1 (/opt/ros/humble/share/sensor_msgs/cmake)
-- Configuring done
-- Generating done
-- Build files have been written to: /ws/build_humble/tutorial_pkg
Consolidate compiler generated dependencies of target my_first_node
[ 50%] Building CXX object CMakeFiles/my_first_node.dir/src/my_first_node.cpp.o
[100%] Linking CXX executable my_first_node
[100%] Built target my_first_node
-- Install configuration: ""
-- Installing: /ws/install_humble/tutorial_pkg/lib/tutorial_pkg/my_first_node
-- Set runtime path of "/ws/install_humble/tutorial_pkg/lib/tutorial_pkg/my_first_node" to ""
-- Installing: /ws/install_humble/tutorial_pkg/share/ament_index/resource_index/package_run_dependencies/tutorial_pkg
-- Installing: /ws/install_humble/tutorial_pkg/share/ament_index/resource_index/parent_prefix_path/tutorial_pkg
-- Installing: /ws/install_humble/tutorial_pkg/share/tutorial_pkg/environment/ament_prefix_path.sh
-- Installing: /ws/install_humble/tutorial_pkg/share/tutorial_pkg/environment/ament_prefix_path.dsv
-- Installing: /ws/install_humble/tutorial_pkg/share/tutorial_pkg/environment/path.sh
-- Installing: /ws/install_humble/tutorial_pkg/share/tutorial_pkg/environment/path.dsv
-- Installing: /ws/install_humble/tutorial_pkg/share/tutorial_pkg/local_setup.bash
-- Installing: /ws/install_humble/tutorial_pkg/share/tutorial_pkg/local_setup.sh
-- Installing: /ws/install_humble/tutorial_pkg/share/tutorial_pkg/local_setup.zsh
-- Installing: /ws/install_humble/tutorial_pkg/share/tutorial_pkg/local_setup.dsv
-- Installing: /ws/install_humble/tutorial_pkg/share/tutorial_pkg/package.dsv
-- Installing: /ws/install_humble/tutorial_pkg/share/ament_index/resource_index/packages/tutorial_pkg
-- Installing: /ws/install_humble/tutorial_pkg/share/tutorial_pkg/cmake/tutorial_pkgConfig.cmake
-- Installing: /ws/install_humble/tutorial_pkg/share/tutorial_pkg/cmake/tutorial_pkgConfig-version.cmake
-- Installing: /ws/install_humble/tutorial_pkg/share/tutorial_pkg/package.xml
