[0.027s] Invoking command in '/ws/build_humble/tutorial_pkg': CMAKE_PREFIX_PATH=/opt/ros/humble /usr/bin/cmake --build /ws/build_humble/tutorial_pkg -- -j32 -l32
[0.095s] -- Found ament_cmake: 1.3.14 (/opt/ros/humble/share/ament_cmake/cmake)
[0.418s] -- Found rclcpp: 16.0.19 (/opt/ros/humble/share/rclcpp/cmake)
[0.484s] -- Found rosidl_generator_c: 3.1.8 (/opt/ros/humble/share/rosidl_generator_c/cmake)
[0.491s] -- Found rosidl_adapter: 3.1.8 (/opt/ros/humble/share/rosidl_adapter/cmake)
[0.508s] -- Found rosidl_generator_cpp: 3.1.8 (/opt/ros/humble/share/rosidl_generator_cpp/cmake)
[0.534s] -- Using all available rosidl_typesupport_c: rosidl_typesupport_fastrtps_c;rosidl_typesupport_introspection_c
[0.568s] -- Using all available rosidl_typesupport_cpp: rosidl_typesupport_fastrtps_cpp;rosidl_typesupport_introspection_cpp
[0.658s] -- Found rmw_implementation_cmake: 6.1.2 (/opt/ros/humble/share/rmw_implementation_cmake/cmake)
[0.662s] -- Found rmw_fastrtps_cpp: 6.2.10 (/opt/ros/humble/share/rmw_fastrtps_cpp/cmake)
[0.847s] -- Using RMW implementation 'rmw_fastrtps_cpp' as default
[0.982s] -- Found sensor_msgs: 4.9.1 (/opt/ros/humble/share/sensor_msgs/cmake)
[1.217s] -- Configuring done
[1.244s] -- Generating done
[1.255s] -- Build files have been written to: /ws/build_humble/tutorial_pkg
[1.316s] Consolidate compiler generated dependencies of target my_first_node
[1.346s] [ 50%] Building CXX object CMakeFiles/my_first_node.dir/src/my_first_node.cpp.o
[21.020s] [100%] Linking CXX executable my_first_node
[22.025s] [100%] Built target my_first_node
[22.050s] Invoked command in '/ws/build_humble/tutorial_pkg' returned '0': CMAKE_PREFIX_PATH=/opt/ros/humble /usr/bin/cmake --build /ws/build_humble/tutorial_pkg -- -j32 -l32
[22.075s] Invoking command in '/ws/build_humble/tutorial_pkg': CMAKE_PREFIX_PATH=/opt/ros/humble /usr/bin/cmake --install /ws/build_humble/tutorial_pkg
[22.092s] -- Install configuration: ""
[22.092s] -- Installing: /ws/install_humble/tutorial_pkg/lib/tutorial_pkg/my_first_node
[22.097s] -- Set runtime path of "/ws/install_humble/tutorial_pkg/lib/tutorial_pkg/my_first_node" to ""
[22.097s] -- Installing: /ws/install_humble/tutorial_pkg/share/ament_index/resource_index/package_run_dependencies/tutorial_pkg
[22.098s] -- Installing: /ws/install_humble/tutorial_pkg/share/ament_index/resource_index/parent_prefix_path/tutorial_pkg
[22.098s] -- Installing: /ws/install_humble/tutorial_pkg/share/tutorial_pkg/environment/ament_prefix_path.sh
[22.098s] -- Installing: /ws/install_humble/tutorial_pkg/share/tutorial_pkg/environment/ament_prefix_path.dsv
[22.099s] -- Installing: /ws/install_humble/tutorial_pkg/share/tutorial_pkg/environment/path.sh
[22.099s] -- Installing: /ws/install_humble/tutorial_pkg/share/tutorial_pkg/environment/path.dsv
[22.100s] -- Installing: /ws/install_humble/tutorial_pkg/share/tutorial_pkg/local_setup.bash
[22.100s] -- Installing: /ws/install_humble/tutorial_pkg/share/tutorial_pkg/local_setup.sh
[22.100s] -- Installing: /ws/install_humble/tutorial_pkg/share/tutorial_pkg/local_setup.zsh
[22.101s] -- Installing: /ws/install_humble/tutorial_pkg/share/tutorial_pkg/local_setup.dsv
[22.101s] -- Installing: /ws/install_humble/tutorial_pkg/share/tutorial_pkg/package.dsv
[22.102s] -- Installing: /ws/install_humble/tutorial_pkg/share/ament_index/resource_index/packages/tutorial_pkg
[22.102s] -- Installing: /ws/install_humble/tutorial_pkg/share/tutorial_pkg/cmake/tutorial_pkgConfig.cmake
[22.102s] -- Installing: /ws/install_humble/tutorial_pkg/share/tutorial_pkg/cmake/tutorial_pkgConfig-version.cmake
[22.102s] -- Installing: /ws/install_humble/tutorial_pkg/share/tutorial_pkg/package.xml
[22.105s] Invoked command in '/ws/build_humble/tutorial_pkg' returned '0': CMAKE_PREFIX_PATH=/opt/ros/humble /usr/bin/cmake --install /ws/build_humble/tutorial_pkg
