[0.000000] (-) TimerEvent: {}
[0.000516] (-) JobUnselected: {'identifier': 'cpp_pubsub'}
[0.001324] (-) JobUnselected: {'identifier': 'py_pubsub'}
[0.001407] (tutorial_pkg) JobQueued: {'identifier': 'tutorial_pkg', 'dependencies': OrderedDict()}
[0.001885] (tutorial_pkg) JobStarted: {'identifier': 'tutorial_pkg'}
[0.024302] (tutorial_pkg) JobProgress: {'identifier': 'tutorial_pkg', 'progress': 'cmake'}
[0.026518] (tutorial_pkg) JobProgress: {'identifier': 'tutorial_pkg', 'progress': 'build'}
[0.030452] (tutorial_pkg) Command: {'cmd': ['/usr/bin/cmake', '--build', '/ws/build_humble/tutorial_pkg', '--', '-j32', '-l32'], 'cwd': '/ws/build_humble/tutorial_pkg', 'env': OrderedDict([('HOSTNAME', 'jiawensun'), ('SHLVL', '0'), ('LD_LIBRARY_PATH', '/opt/ros/humble/lib/x86_64-linux-gnu:/opt/ros/humble/lib'), ('HOME', '/root'), ('ROS_PYTHON_VERSION', '3'), ('ROS_DISTRO', 'humble'), ('_', '/usr/bin/colcon'), ('ROS_VERSION', '2'), ('ROS_LOCALHOST_ONLY', '0'), ('PATH', '/opt/ros/humble/bin:/usr/local/sbin:/usr/local/bin:/usr/sbin:/usr/bin:/sbin:/bin'), ('LANG', 'C.UTF-8'), ('AMENT_PREFIX_PATH', '/opt/ros/humble'), ('PWD', '/ws/build_humble/tutorial_pkg'), ('LC_ALL', 'C.UTF-8'), ('PYTHONPATH', '/opt/ros/humble/lib/python3.10/site-packages:/opt/ros/humble/local/lib/python3.10/dist-packages'), ('COLCON', '1'), ('CMAKE_PREFIX_PATH', '/opt/ros/humble')]), 'shell': False}
[0.099408] (-) TimerEvent: {}
[0.142786] (tutorial_pkg) StdoutLine: {'line': b'Consolidate compiler generated dependencies of target my_first_node\n'}
[0.179004] (tutorial_pkg) StdoutLine: {'line': b'[ 50%] Building CXX object CMakeFiles/my_first_node.dir/src/my_first_node.cpp.o\n'}
[0.199629] (-) TimerEvent: {}
[0.299948] (-) TimerEvent: {}
[0.400326] (-) TimerEvent: {}
[0.500672] (-) TimerEvent: {}
[0.601014] (-) TimerEvent: {}
[0.701672] (-) TimerEvent: {}
[0.802012] (-) TimerEvent: {}
[0.902322] (-) TimerEvent: {}
[1.002669] (-) TimerEvent: {}
[1.103018] (-) TimerEvent: {}
[1.203393] (-) TimerEvent: {}
[1.303794] (-) TimerEvent: {}
[1.404674] (-) TimerEvent: {}
[1.505018] (-) TimerEvent: {}
[1.605348] (-) TimerEvent: {}
[1.705757] (-) TimerEvent: {}
[1.806099] (-) TimerEvent: {}
[1.906488] (-) TimerEvent: {}
[2.006863] (-) TimerEvent: {}
[2.107214] (-) TimerEvent: {}
[2.207580] (-) TimerEvent: {}
[2.307933] (-) TimerEvent: {}
[2.408291] (-) TimerEvent: {}
[2.508670] (-) TimerEvent: {}
[2.609037] (-) TimerEvent: {}
[2.709384] (-) TimerEvent: {}
[2.809699] (-) TimerEvent: {}
[2.910081] (-) TimerEvent: {}
[3.010424] (-) TimerEvent: {}
[3.110772] (-) TimerEvent: {}
[3.211071] (-) TimerEvent: {}
[3.311347] (-) TimerEvent: {}
[3.411641] (-) TimerEvent: {}
[3.511927] (-) TimerEvent: {}
[3.612253] (-) TimerEvent: {}
[3.712692] (-) TimerEvent: {}
[3.813530] (-) TimerEvent: {}
[3.914126] (-) TimerEvent: {}
[4.014471] (-) TimerEvent: {}
[4.114786] (-) TimerEvent: {}
[4.215660] (-) TimerEvent: {}
[4.316143] (-) TimerEvent: {}
[4.416450] (-) TimerEvent: {}
[4.516763] (-) TimerEvent: {}
[4.617095] (-) TimerEvent: {}
[4.717418] (-) TimerEvent: {}
[4.817781] (-) TimerEvent: {}
[4.918099] (-) TimerEvent: {}
[5.018489] (-) TimerEvent: {}
[5.118844] (-) TimerEvent: {}
[5.219202] (-) TimerEvent: {}
[5.319512] (-) TimerEvent: {}
[5.419883] (-) TimerEvent: {}
[5.520238] (-) TimerEvent: {}
[5.620668] (-) TimerEvent: {}
[5.721020] (-) TimerEvent: {}
[5.821338] (-) TimerEvent: {}
[5.921667] (-) TimerEvent: {}
[6.022029] (-) TimerEvent: {}
[6.122407] (-) TimerEvent: {}
[6.222813] (-) TimerEvent: {}
[6.323246] (-) TimerEvent: {}
[6.423583] (-) TimerEvent: {}
[6.523912] (-) TimerEvent: {}
[6.624241] (-) TimerEvent: {}
[6.724607] (-) TimerEvent: {}
[6.824972] (-) TimerEvent: {}
[6.925684] (-) TimerEvent: {}
[7.026026] (-) TimerEvent: {}
[7.126671] (-) TimerEvent: {}
[7.227002] (-) TimerEvent: {}
[7.327288] (-) TimerEvent: {}
[7.427577] (-) TimerEvent: {}
[7.527882] (-) TimerEvent: {}
[7.628278] (-) TimerEvent: {}
[7.728664] (-) TimerEvent: {}
[7.828976] (-) TimerEvent: {}
[7.929274] (-) TimerEvent: {}
[8.029625] (-) TimerEvent: {}
[8.129979] (-) TimerEvent: {}
[8.230407] (-) TimerEvent: {}
[8.330821] (-) TimerEvent: {}
[8.431213] (-) TimerEvent: {}
[8.531596] (-) TimerEvent: {}
[8.631932] (-) TimerEvent: {}
[8.732259] (-) TimerEvent: {}
[8.832658] (-) TimerEvent: {}
[8.932980] (-) TimerEvent: {}
[9.033276] (-) TimerEvent: {}
[9.133574] (-) TimerEvent: {}
[9.233936] (-) TimerEvent: {}
[9.334278] (-) TimerEvent: {}
[9.434630] (-) TimerEvent: {}
[9.534978] (-) TimerEvent: {}
[9.635356] (-) TimerEvent: {}
[9.735800] (-) TimerEvent: {}
[9.836134] (-) TimerEvent: {}
[9.936517] (-) TimerEvent: {}
[10.036839] (-) TimerEvent: {}
[10.137165] (-) TimerEvent: {}
[10.237479] (-) TimerEvent: {}
[10.339688] (-) TimerEvent: {}
[10.440061] (-) TimerEvent: {}
[10.540483] (-) TimerEvent: {}
[10.641674] (-) TimerEvent: {}
[10.742023] (-) TimerEvent: {}
[10.842390] (-) TimerEvent: {}
[10.942776] (-) TimerEvent: {}
[11.043113] (-) TimerEvent: {}
[11.143424] (-) TimerEvent: {}
[11.243768] (-) TimerEvent: {}
[11.344101] (-) TimerEvent: {}
[11.444464] (-) TimerEvent: {}
[11.544789] (-) TimerEvent: {}
[11.645672] (-) TimerEvent: {}
[11.746040] (-) TimerEvent: {}
[11.847250] (-) TimerEvent: {}
[11.947776] (-) TimerEvent: {}
[12.048096] (-) TimerEvent: {}
[12.148463] (-) TimerEvent: {}
[12.249357] (-) TimerEvent: {}
[12.349687] (-) TimerEvent: {}
[12.450076] (-) TimerEvent: {}
[12.550456] (-) TimerEvent: {}
[12.650730] (-) TimerEvent: {}
[12.750992] (-) TimerEvent: {}
[12.851243] (-) TimerEvent: {}
[12.951535] (-) TimerEvent: {}
[13.051848] (-) TimerEvent: {}
[13.152680] (-) TimerEvent: {}
[13.253017] (-) TimerEvent: {}
[13.353292] (-) TimerEvent: {}
[13.453600] (-) TimerEvent: {}
[13.553903] (-) TimerEvent: {}
[13.654228] (-) TimerEvent: {}
[13.754623] (-) TimerEvent: {}
[13.855285] (-) TimerEvent: {}
[13.955670] (-) TimerEvent: {}
[14.056002] (-) TimerEvent: {}
[14.156317] (-) TimerEvent: {}
[14.256650] (-) TimerEvent: {}
[14.356993] (-) TimerEvent: {}
[14.457380] (-) TimerEvent: {}
[14.557688] (-) TimerEvent: {}
[14.658012] (-) TimerEvent: {}
[14.758351] (-) TimerEvent: {}
[14.858684] (-) TimerEvent: {}
[14.959674] (-) TimerEvent: {}
[15.060016] (-) TimerEvent: {}
[15.160352] (-) TimerEvent: {}
[15.260699] (-) TimerEvent: {}
[15.361037] (-) TimerEvent: {}
[15.461347] (-) TimerEvent: {}
[15.561692] (-) TimerEvent: {}
[15.662696] (-) TimerEvent: {}
[15.763031] (-) TimerEvent: {}
[15.863659] (-) TimerEvent: {}
[15.963959] (-) TimerEvent: {}
[16.064245] (-) TimerEvent: {}
[16.164541] (-) TimerEvent: {}
[16.264906] (-) TimerEvent: {}
[16.365277] (-) TimerEvent: {}
[16.465652] (-) TimerEvent: {}
[16.565939] (-) TimerEvent: {}
[16.666234] (-) TimerEvent: {}
[16.766515] (-) TimerEvent: {}
[16.866823] (-) TimerEvent: {}
[16.967179] (-) TimerEvent: {}
[17.067537] (-) TimerEvent: {}
[17.167913] (-) TimerEvent: {}
[17.268684] (-) TimerEvent: {}
[17.369036] (-) TimerEvent: {}
[17.469409] (-) TimerEvent: {}
[17.569771] (-) TimerEvent: {}
[17.670093] (-) TimerEvent: {}
[17.770416] (-) TimerEvent: {}
[17.870756] (-) TimerEvent: {}
[17.971088] (-) TimerEvent: {}
[18.071429] (-) TimerEvent: {}
[18.171745] (-) TimerEvent: {}
[18.272075] (-) TimerEvent: {}
[18.372472] (-) TimerEvent: {}
[18.472823] (-) TimerEvent: {}
[18.573131] (-) TimerEvent: {}
[18.673431] (-) TimerEvent: {}
[18.773726] (-) TimerEvent: {}
[18.873991] (-) TimerEvent: {}
[18.974294] (-) TimerEvent: {}
[19.074626] (-) TimerEvent: {}
[19.175051] (-) TimerEvent: {}
[19.275411] (-) TimerEvent: {}
[19.375786] (-) TimerEvent: {}
[19.476124] (-) TimerEvent: {}
[19.578413] (-) TimerEvent: {}
[19.678734] (-) TimerEvent: {}
[19.779056] (-) TimerEvent: {}
[19.879377] (-) TimerEvent: {}
[19.979693] (-) TimerEvent: {}
[20.080049] (-) TimerEvent: {}
[20.180396] (-) TimerEvent: {}
[20.280680] (-) TimerEvent: {}
[20.381014] (-) TimerEvent: {}
[20.481448] (-) TimerEvent: {}
[20.582491] (-) TimerEvent: {}
[20.682856] (-) TimerEvent: {}
[20.783193] (-) TimerEvent: {}
[20.883530] (-) TimerEvent: {}
[20.960787] (tutorial_pkg) StdoutLine: {'line': b'[100%] Linking CXX executable my_first_node\n'}
[20.983702] (-) TimerEvent: {}
[21.084072] (-) TimerEvent: {}
[21.184424] (-) TimerEvent: {}
[21.284785] (-) TimerEvent: {}
[21.385133] (-) TimerEvent: {}
[21.485454] (-) TimerEvent: {}
[21.585876] (-) TimerEvent: {}
[21.686197] (-) TimerEvent: {}
[21.786483] (-) TimerEvent: {}
[21.886770] (-) TimerEvent: {}
[21.965178] (tutorial_pkg) StdoutLine: {'line': b'[100%] Built target my_first_node\n'}
[21.986893] (-) TimerEvent: {}
[21.988959] (tutorial_pkg) CommandEnded: {'returncode': 0}
[21.990834] (tutorial_pkg) JobProgress: {'identifier': 'tutorial_pkg', 'progress': 'install'}
[22.011994] (tutorial_pkg) Command: {'cmd': ['/usr/bin/cmake', '--install', '/ws/build_humble/tutorial_pkg'], 'cwd': '/ws/build_humble/tutorial_pkg', 'env': OrderedDict([('HOSTNAME', 'jiawensun'), ('SHLVL', '0'), ('LD_LIBRARY_PATH', '/opt/ros/humble/lib/x86_64-linux-gnu:/opt/ros/humble/lib'), ('HOME', '/root'), ('ROS_PYTHON_VERSION', '3'), ('ROS_DISTRO', 'humble'), ('_', '/usr/bin/colcon'), ('ROS_VERSION', '2'), ('ROS_LOCALHOST_ONLY', '0'), ('PATH', '/opt/ros/humble/bin:/usr/local/sbin:/usr/local/bin:/usr/sbin:/usr/bin:/sbin:/bin'), ('LANG', 'C.UTF-8'), ('AMENT_PREFIX_PATH', '/opt/ros/humble'), ('PWD', '/ws/build_humble/tutorial_pkg'), ('LC_ALL', 'C.UTF-8'), ('PYTHONPATH', '/opt/ros/humble/lib/python3.10/site-packages:/opt/ros/humble/local/lib/python3.10/dist-packages'), ('COLCON', '1'), ('CMAKE_PREFIX_PATH', '/opt/ros/humble')]), 'shell': False}
[22.030352] (tutorial_pkg) StdoutLine: {'line': b'-- Install configuration: ""\n'}
[22.032523] (tutorial_pkg) StdoutLine: {'line': b'-- Installing: /ws/install_humble/tutorial_pkg/lib/tutorial_pkg/my_first_node\n'}
[22.043648] (tutorial_pkg) StdoutLine: {'line': b'-- Set runtime path of "/ws/install_humble/tutorial_pkg/lib/tutorial_pkg/my_first_node" to ""\n'}
[22.044464] (tutorial_pkg) StdoutLine: {'line': b'-- Up-to-date: /ws/install_humble/tutorial_pkg/share/ament_index/resource_index/package_run_dependencies/tutorial_pkg\n'}
[22.045483] (tutorial_pkg) StdoutLine: {'line': b'-- Up-to-date: /ws/install_humble/tutorial_pkg/share/ament_index/resource_index/parent_prefix_path/tutorial_pkg\n'}
[22.046611] (tutorial_pkg) StdoutLine: {'line': b'-- Up-to-date: /ws/install_humble/tutorial_pkg/share/tutorial_pkg/environment/ament_prefix_path.sh\n'}
[22.047644] (tutorial_pkg) StdoutLine: {'line': b'-- Up-to-date: /ws/install_humble/tutorial_pkg/share/tutorial_pkg/environment/ament_prefix_path.dsv\n'}
[22.048057] (tutorial_pkg) StdoutLine: {'line': b'-- Up-to-date: /ws/install_humble/tutorial_pkg/share/tutorial_pkg/environment/path.sh\n'}
[22.048280] (tutorial_pkg) StdoutLine: {'line': b'-- Up-to-date: /ws/install_humble/tutorial_pkg/share/tutorial_pkg/environment/path.dsv\n'}
[22.049077] (tutorial_pkg) StdoutLine: {'line': b'-- Up-to-date: /ws/install_humble/tutorial_pkg/share/tutorial_pkg/local_setup.bash\n'}
[22.050312] (tutorial_pkg) StdoutLine: {'line': b'-- Up-to-date: /ws/install_humble/tutorial_pkg/share/tutorial_pkg/local_setup.sh\n'}
[22.050643] (tutorial_pkg) StdoutLine: {'line': b'-- Up-to-date: /ws/install_humble/tutorial_pkg/share/tutorial_pkg/local_setup.zsh\n'}
[22.051002] (tutorial_pkg) StdoutLine: {'line': b'-- Up-to-date: /ws/install_humble/tutorial_pkg/share/tutorial_pkg/local_setup.dsv\n'}
[22.051444] (tutorial_pkg) StdoutLine: {'line': b'-- Installing: /ws/install_humble/tutorial_pkg/share/tutorial_pkg/package.dsv\n'}
[22.051854] (tutorial_pkg) StdoutLine: {'line': b'-- Up-to-date: /ws/install_humble/tutorial_pkg/share/ament_index/resource_index/packages/tutorial_pkg\n'}
[22.052133] (tutorial_pkg) StdoutLine: {'line': b'-- Up-to-date: /ws/install_humble/tutorial_pkg/share/tutorial_pkg/cmake/tutorial_pkgConfig.cmake\n'}
[22.052737] (tutorial_pkg) StdoutLine: {'line': b'-- Up-to-date: /ws/install_humble/tutorial_pkg/share/tutorial_pkg/cmake/tutorial_pkgConfig-version.cmake\n'}
[22.052982] (tutorial_pkg) StdoutLine: {'line': b'-- Up-to-date: /ws/install_humble/tutorial_pkg/share/tutorial_pkg/package.xml\n'}
[22.053206] (tutorial_pkg) CommandEnded: {'returncode': 0}
[22.087438] (-) TimerEvent: {}
[22.099149] (tutorial_pkg) JobEnded: {'identifier': 'tutorial_pkg', 'rc': 0}
[22.100635] (-) EventReactorShutdown: {}
