[0.000000] (-) TimerEvent: {}
[0.000359] (tutorial_pkg) JobQueued: {'identifier': 'tutorial_pkg', 'dependencies': OrderedDict()}
[0.000881] (tutorial_pkg) JobStarted: {'identifier': 'tutorial_pkg'}
[0.017684] (tutorial_pkg) JobProgress: {'identifier': 'tutorial_pkg', 'progress': 'cmake'}
[0.019132] (tutorial_pkg) JobProgress: {'identifier': 'tutorial_pkg', 'progress': 'build'}
[0.022558] (tutorial_pkg) Command: {'cmd': ['/usr/bin/cmake', '--build', '/ws/build_humble/tutorial_pkg', '--', '-j32', '-l32'], 'cwd': '/ws/build_humble/tutorial_pkg', 'env': OrderedDict([('HOSTNAME', 'jiawensun'), ('SHLVL', '1'), ('LD_LIBRARY_PATH', '/opt/ros/humble/lib/x86_64-linux-gnu:/opt/ros/humble/lib'), ('HOME', '/root'), ('ROS_PYTHON_VERSION', '3'), ('ROS_DISTRO', 'humble'), ('_', '/usr/bin/colcon'), ('ROS_VERSION', '2'), ('ROS_LOCALHOST_ONLY', '0'), ('PATH', '/opt/ros/humble/bin:/usr/local/sbin:/usr/local/bin:/usr/sbin:/usr/bin:/sbin:/bin'), ('LANG', 'C.UTF-8'), ('AMENT_PREFIX_PATH', '/opt/ros/humble'), ('PWD', '/ws/build_humble/tutorial_pkg'), ('LC_ALL', 'C.UTF-8'), ('PYTHONPATH', '/opt/ros/humble/lib/python3.10/site-packages:/opt/ros/humble/local/lib/python3.10/dist-packages'), ('COLCON', '1'), ('CMAKE_PREFIX_PATH', '/opt/ros/humble')]), 'shell': False}
[0.099708] (-) TimerEvent: {}
[0.135455] (tutorial_pkg) StdoutLine: {'line': b'Consolidate compiler generated dependencies of target my_first_node\n'}
[0.171849] (tutorial_pkg) StdoutLine: {'line': b'[100%] Built target my_first_node\n'}
[0.193013] (tutorial_pkg) CommandEnded: {'returncode': 0}
[0.194871] (tutorial_pkg) JobProgress: {'identifier': 'tutorial_pkg', 'progress': 'install'}
[0.199830] (-) TimerEvent: {}
[0.212005] (tutorial_pkg) Command: {'cmd': ['/usr/bin/cmake', '--install', '/ws/build_humble/tutorial_pkg'], 'cwd': '/ws/build_humble/tutorial_pkg', 'env': OrderedDict([('HOSTNAME', 'jiawensun'), ('SHLVL', '1'), ('LD_LIBRARY_PATH', '/opt/ros/humble/lib/x86_64-linux-gnu:/opt/ros/humble/lib'), ('HOME', '/root'), ('ROS_PYTHON_VERSION', '3'), ('ROS_DISTRO', 'humble'), ('_', '/usr/bin/colcon'), ('ROS_VERSION', '2'), ('ROS_LOCALHOST_ONLY', '0'), ('PATH', '/opt/ros/humble/bin:/usr/local/sbin:/usr/local/bin:/usr/sbin:/usr/bin:/sbin:/bin'), ('LANG', 'C.UTF-8'), ('AMENT_PREFIX_PATH', '/opt/ros/humble'), ('PWD', '/ws/build_humble/tutorial_pkg'), ('LC_ALL', 'C.UTF-8'), ('PYTHONPATH', '/opt/ros/humble/lib/python3.10/site-packages:/opt/ros/humble/local/lib/python3.10/dist-packages'), ('COLCON', '1'), ('CMAKE_PREFIX_PATH', '/opt/ros/humble')]), 'shell': False}
[0.225102] (tutorial_pkg) StdoutLine: {'line': b'-- Install configuration: ""\n'}
[0.226211] (tutorial_pkg) StdoutLine: {'line': b'-- Execute custom install script\n'}
[0.227854] (tutorial_pkg) StdoutLine: {'line': b'-- Up-to-date symlink: /ws/install_humble/tutorial_pkg/lib/tutorial_pkg/my_first_node\n'}
[0.229688] (tutorial_pkg) StdoutLine: {'line': b'-- Up-to-date symlink: /ws/install_humble/tutorial_pkg/share/tutorial_pkg/launch/my_launch_file.yaml\n'}
[0.230481] (tutorial_pkg) StdoutLine: {'line': b'-- Up-to-date symlink: /ws/install_humble/tutorial_pkg/share/ament_index/resource_index/package_run_dependencies/tutorial_pkg\n'}
[0.231689] (tutorial_pkg) StdoutLine: {'line': b'-- Up-to-date symlink: /ws/install_humble/tutorial_pkg/share/ament_index/resource_index/parent_prefix_path/tutorial_pkg\n'}
[0.232539] (tutorial_pkg) StdoutLine: {'line': b'-- Up-to-date symlink: /ws/install_humble/tutorial_pkg/share/tutorial_pkg/environment/ament_prefix_path.sh\n'}
[0.232752] (tutorial_pkg) StdoutLine: {'line': b'-- Up-to-date symlink: /ws/install_humble/tutorial_pkg/share/tutorial_pkg/environment/ament_prefix_path.dsv\n'}
[0.232928] (tutorial_pkg) StdoutLine: {'line': b'-- Up-to-date symlink: /ws/install_humble/tutorial_pkg/share/tutorial_pkg/environment/path.sh\n'}
[0.233099] (tutorial_pkg) StdoutLine: {'line': b'-- Up-to-date symlink: /ws/install_humble/tutorial_pkg/share/tutorial_pkg/environment/path.dsv\n'}
[0.233263] (tutorial_pkg) StdoutLine: {'line': b'-- Up-to-date symlink: /ws/install_humble/tutorial_pkg/share/tutorial_pkg/local_setup.bash\n'}
[0.233450] (tutorial_pkg) StdoutLine: {'line': b'-- Up-to-date symlink: /ws/install_humble/tutorial_pkg/share/tutorial_pkg/local_setup.sh\n'}
[0.233628] (tutorial_pkg) StdoutLine: {'line': b'-- Up-to-date symlink: /ws/install_humble/tutorial_pkg/share/tutorial_pkg/local_setup.zsh\n'}
[0.233787] (tutorial_pkg) StdoutLine: {'line': b'-- Up-to-date symlink: /ws/install_humble/tutorial_pkg/share/tutorial_pkg/local_setup.dsv\n'}
[0.233943] (tutorial_pkg) StdoutLine: {'line': b'-- Symlinking: /ws/install_humble/tutorial_pkg/share/tutorial_pkg/package.dsv\n'}
[0.249611] (tutorial_pkg) StdoutLine: {'line': b'-- Up-to-date symlink: /ws/install_humble/tutorial_pkg/share/ament_index/resource_index/packages/tutorial_pkg\n'}
[0.249979] (tutorial_pkg) StdoutLine: {'line': b'-- Up-to-date symlink: /ws/install_humble/tutorial_pkg/share/tutorial_pkg/cmake/tutorial_pkgConfig.cmake\n'}
[0.250382] (tutorial_pkg) StdoutLine: {'line': b'-- Up-to-date symlink: /ws/install_humble/tutorial_pkg/share/tutorial_pkg/cmake/tutorial_pkgConfig-version.cmake\n'}
[0.250542] (tutorial_pkg) StdoutLine: {'line': b'-- Up-to-date symlink: /ws/install_humble/tutorial_pkg/share/tutorial_pkg/package.xml\n'}
[0.254231] (tutorial_pkg) CommandEnded: {'returncode': 0}
[0.299500] (tutorial_pkg) JobEnded: {'identifier': 'tutorial_pkg', 'rc': 0}
[0.300634] (-) TimerEvent: {}
[0.300735] (-) EventReactorShutdown: {}
