[0.031s] Invoking command in '/ws/build_humble/tutorial_pkg': CMAKE_PREFIX_PATH=/opt/ros/humble /usr/bin/cmake --build /ws/build_humble/tutorial_pkg -- -j32 -l32
[0.141s] Consolidate compiler generated dependencies of target my_first_node
[0.177s] [ 50%] Building CXX object CMakeFiles/my_first_node.dir/src/my_first_node.cpp.o
[20.959s] [100%] Linking CXX executable my_first_node
[21.963s] [100%] Built target my_first_node
[21.987s] Invoked command in '/ws/build_humble/tutorial_pkg' returned '0': CMAKE_PREFIX_PATH=/opt/ros/humble /usr/bin/cmake --build /ws/build_humble/tutorial_pkg -- -j32 -l32
[22.010s] Invoking command in '/ws/build_humble/tutorial_pkg': CMAKE_PREFIX_PATH=/opt/ros/humble /usr/bin/cmake --install /ws/build_humble/tutorial_pkg
[22.028s] -- Install configuration: ""
[22.031s] -- Installing: /ws/install_humble/tutorial_pkg/lib/tutorial_pkg/my_first_node
[22.042s] -- Set runtime path of "/ws/install_humble/tutorial_pkg/lib/tutorial_pkg/my_first_node" to ""
[22.043s] -- Up-to-date: /ws/install_humble/tutorial_pkg/share/ament_index/resource_index/package_run_dependencies/tutorial_pkg
[22.044s] -- Up-to-date: /ws/install_humble/tutorial_pkg/share/ament_index/resource_index/parent_prefix_path/tutorial_pkg
[22.045s] -- Up-to-date: /ws/install_humble/tutorial_pkg/share/tutorial_pkg/environment/ament_prefix_path.sh
[22.046s] -- Up-to-date: /ws/install_humble/tutorial_pkg/share/tutorial_pkg/environment/ament_prefix_path.dsv
[22.046s] -- Up-to-date: /ws/install_humble/tutorial_pkg/share/tutorial_pkg/environment/path.sh
[22.047s] -- Up-to-date: /ws/install_humble/tutorial_pkg/share/tutorial_pkg/environment/path.dsv
[22.048s] -- Up-to-date: /ws/install_humble/tutorial_pkg/share/tutorial_pkg/local_setup.bash
[22.048s] -- Up-to-date: /ws/install_humble/tutorial_pkg/share/tutorial_pkg/local_setup.sh
[22.049s] -- Up-to-date: /ws/install_humble/tutorial_pkg/share/tutorial_pkg/local_setup.zsh
[22.049s] -- Up-to-date: /ws/install_humble/tutorial_pkg/share/tutorial_pkg/local_setup.dsv
[22.049s] -- Installing: /ws/install_humble/tutorial_pkg/share/tutorial_pkg/package.dsv
[22.050s] -- Up-to-date: /ws/install_humble/tutorial_pkg/share/ament_index/resource_index/packages/tutorial_pkg
[22.050s] -- Up-to-date: /ws/install_humble/tutorial_pkg/share/tutorial_pkg/cmake/tutorial_pkgConfig.cmake
[22.051s] -- Up-to-date: /ws/install_humble/tutorial_pkg/share/tutorial_pkg/cmake/tutorial_pkgConfig-version.cmake
[22.051s] -- Up-to-date: /ws/install_humble/tutorial_pkg/share/tutorial_pkg/package.xml
[22.051s] Invoked command in '/ws/build_humble/tutorial_pkg' returned '0': CMAKE_PREFIX_PATH=/opt/ros/humble /usr/bin/cmake --install /ws/build_humble/tutorial_pkg
