-- The C compiler identification is GNU 11.4.0
-- The CXX compiler identification is GNU 11.4.0
-- Detecting C compiler ABI info
-- Detecting C compiler ABI info - done
-- Check for working C compiler: /usr/bin/cc - skipped
-- Detecting C compile features
-- Detecting C compile features - done
-- Detecting CXX compiler ABI info
-- Detecting CXX compiler ABI info - done
-- Check for working CXX compiler: /usr/bin/c++ - skipped
-- Detecting CXX compile features
-- Detecting CXX compile features - done
-- Found ament_cmake: 1.3.14 (/opt/ros/humble/share/ament_cmake/cmake)
-- Found Python3: /usr/bin/python3 (found version "3.10.12") found components: Interpreter 
-- Override CMake install command with custom implementation using symlinks instead of copying resources
-- Found rclcpp: 16.0.19 (/opt/ros/humble/share/rclcpp/cmake)
-- Found rosidl_generator_c: 3.1.8 (/opt/ros/humble/share/rosidl_generator_c/cmake)
-- Found rosidl_adapter: 3.1.8 (/opt/ros/humble/share/rosidl_adapter/cmake)
-- Found rosidl_generator_cpp: 3.1.8 (/opt/ros/humble/share/rosidl_generator_cpp/cmake)
-- Using all available rosidl_typesupport_c: rosidl_typesupport_fastrtps_c;rosidl_typesupport_introspection_c
-- Using all available rosidl_typesupport_cpp: rosidl_typesupport_fastrtps_cpp;rosidl_typesupport_introspection_cpp
-- Found rmw_implementation_cmake: 6.1.2 (/opt/ros/humble/share/rmw_implementation_cmake/cmake)
-- Found rmw_fastrtps_cpp: 6.2.10 (/opt/ros/humble/share/rmw_fastrtps_cpp/cmake)
-- Found OpenSSL: /usr/lib/x86_64-linux-gnu/libcrypto.so (found version "3.0.2")  
-- Found FastRTPS: /opt/ros/humble/include  
-- Using RMW implementation 'rmw_fastrtps_cpp' as default
-- Looking for pthread.h
-- Looking for pthread.h - found
-- Performing Test CMAKE_HAVE_LIBC_PTHREAD
-- Performing Test CMAKE_HAVE_LIBC_PTHREAD - Success
-- Found Threads: TRUE  
-- Found sensor_msgs: 4.9.1 (/opt/ros/humble/share/sensor_msgs/cmake)
-- Found std_srvs: 4.9.1 (/opt/ros/humble/share/std_srvs/cmake)
-- Configuring done
-- Generating done
-- Build files have been written to: /ws/build_humble/tutorial_pkg
[ 50%] Building CXX object CMakeFiles/my_first_node.dir/src/my_first_node.cpp.o
[100%] Linking CXX executable my_first_node
[100%] Built target my_first_node
-- Install configuration: ""
-- Execute custom install script
-- Symlinking: /ws/install_humble/tutorial_pkg/lib/tutorial_pkg/my_first_node
-- Symlinking: /ws/install_humble/tutorial_pkg/share/tutorial_pkg/launch/my_launch_file.yaml
-- Symlinking: /ws/install_humble/tutorial_pkg/share/ament_index/resource_index/package_run_dependencies/tutorial_pkg
-- Symlinking: /ws/install_humble/tutorial_pkg/share/ament_index/resource_index/parent_prefix_path/tutorial_pkg
-- Symlinking: /ws/install_humble/tutorial_pkg/share/tutorial_pkg/environment/ament_prefix_path.sh
-- Symlinking: /ws/install_humble/tutorial_pkg/share/tutorial_pkg/environment/ament_prefix_path.dsv
-- Symlinking: /ws/install_humble/tutorial_pkg/share/tutorial_pkg/environment/path.sh
-- Symlinking: /ws/install_humble/tutorial_pkg/share/tutorial_pkg/environment/path.dsv
-- Symlinking: /ws/install_humble/tutorial_pkg/share/tutorial_pkg/local_setup.bash
-- Symlinking: /ws/install_humble/tutorial_pkg/share/tutorial_pkg/local_setup.sh
-- Symlinking: /ws/install_humble/tutorial_pkg/share/tutorial_pkg/local_setup.zsh
-- Symlinking: /ws/install_humble/tutorial_pkg/share/tutorial_pkg/local_setup.dsv
-- Symlinking: /ws/install_humble/tutorial_pkg/share/tutorial_pkg/package.dsv
-- Symlinking: /ws/install_humble/tutorial_pkg/share/ament_index/resource_index/packages/tutorial_pkg
-- Symlinking: /ws/install_humble/tutorial_pkg/share/tutorial_pkg/cmake/tutorial_pkgConfig.cmake
-- Symlinking: /ws/install_humble/tutorial_pkg/share/tutorial_pkg/cmake/tutorial_pkgConfig-version.cmake
-- Symlinking: /ws/install_humble/tutorial_pkg/share/tutorial_pkg/package.xml
