[0.026s] Invoking command in '/ws/build_humble/tutorial_pkg': CMAKE_PREFIX_PATH=/opt/ros/humble /usr/bin/cmake /ws/tutorial_pkg -DAMENT_CMAKE_SYMLINK_INSTALL=1 -DCMAKE_INSTALL_PREFIX=/ws/install_humble/tutorial_pkg
[0.209s] -- The C compiler identification is GNU 11.4.0
[0.351s] -- The CXX compiler identification is GNU 11.4.0
[0.372s] -- Detecting C compiler ABI info
[0.535s] -- Detecting C compiler ABI info - done
[0.551s] -- Check for working C compiler: /usr/bin/cc - skipped
[0.552s] -- Detecting C compile features
[0.553s] -- Detecting C compile features - done
[0.561s] -- Detecting CXX compiler ABI info
[0.731s] -- Detecting CXX compiler ABI info - done
[0.753s] -- Check for working CXX compiler: /usr/bin/c++ - skipped
[0.754s] -- Detecting CXX compile features
[0.755s] -- Detecting CXX compile features - done
[0.771s] -- Found ament_cmake: 1.3.14 (/opt/ros/humble/share/ament_cmake/cmake)
[1.109s] -- Found Python3: /usr/bin/python3 (found version "3.10.12") found components: Interpreter 
[1.279s] -- Override CMake install command with custom implementation using symlinks instead of copying resources
[1.337s] -- Found rclcpp: 16.0.19 (/opt/ros/humble/share/rclcpp/cmake)
[1.452s] -- Found rosidl_generator_c: 3.1.8 (/opt/ros/humble/share/rosidl_generator_c/cmake)
[1.467s] -- Found rosidl_adapter: 3.1.8 (/opt/ros/humble/share/rosidl_adapter/cmake)
[1.490s] -- Found rosidl_generator_cpp: 3.1.8 (/opt/ros/humble/share/rosidl_generator_cpp/cmake)
[1.524s] -- Using all available rosidl_typesupport_c: rosidl_typesupport_fastrtps_c;rosidl_typesupport_introspection_c
[1.573s] -- Using all available rosidl_typesupport_cpp: rosidl_typesupport_fastrtps_cpp;rosidl_typesupport_introspection_cpp
[1.698s] -- Found rmw_implementation_cmake: 6.1.2 (/opt/ros/humble/share/rmw_implementation_cmake/cmake)
[1.704s] -- Found rmw_fastrtps_cpp: 6.2.10 (/opt/ros/humble/share/rmw_fastrtps_cpp/cmake)
[1.895s] -- Found OpenSSL: /usr/lib/x86_64-linux-gnu/libcrypto.so (found version "3.0.2")  
[1.940s] -- Found FastRTPS: /opt/ros/humble/include  
[2.014s] -- Using RMW implementation 'rmw_fastrtps_cpp' as default
[2.037s] -- Looking for pthread.h
[2.198s] -- Looking for pthread.h - found
[2.199s] -- Performing Test CMAKE_HAVE_LIBC_PTHREAD
[2.394s] -- Performing Test CMAKE_HAVE_LIBC_PTHREAD - Success
[2.397s] -- Found Threads: TRUE  
[2.562s] -- Found sensor_msgs: 4.9.1 (/opt/ros/humble/share/sensor_msgs/cmake)
[2.650s] -- Found std_srvs: 4.9.1 (/opt/ros/humble/share/std_srvs/cmake)
[2.851s] -- Configuring done
[2.872s] -- Generating done
[2.881s] -- Build files have been written to: /ws/build_humble/tutorial_pkg
[2.894s] Invoked command in '/ws/build_humble/tutorial_pkg' returned '0': CMAKE_PREFIX_PATH=/opt/ros/humble /usr/bin/cmake /ws/tutorial_pkg -DAMENT_CMAKE_SYMLINK_INSTALL=1 -DCMAKE_INSTALL_PREFIX=/ws/install_humble/tutorial_pkg
[2.898s] Invoking command in '/ws/build_humble/tutorial_pkg': CMAKE_PREFIX_PATH=/opt/ros/humble /usr/bin/cmake --build /ws/build_humble/tutorial_pkg -- -j32 -l32
[3.010s] [ 50%] Building CXX object CMakeFiles/my_first_node.dir/src/my_first_node.cpp.o
[24.815s] [100%] Linking CXX executable my_first_node
[25.994s] [100%] Built target my_first_node
[26.019s] Invoked command in '/ws/build_humble/tutorial_pkg' returned '0': CMAKE_PREFIX_PATH=/opt/ros/humble /usr/bin/cmake --build /ws/build_humble/tutorial_pkg -- -j32 -l32
[26.039s] Invoking command in '/ws/build_humble/tutorial_pkg': CMAKE_PREFIX_PATH=/opt/ros/humble /usr/bin/cmake --install /ws/build_humble/tutorial_pkg
[26.057s] -- Install configuration: ""
[26.058s] -- Execute custom install script
[26.059s] -- Symlinking: /ws/install_humble/tutorial_pkg/lib/tutorial_pkg/my_first_node
[26.086s] -- Symlinking: /ws/install_humble/tutorial_pkg/share/tutorial_pkg/launch/my_launch_file.yaml
[26.107s] -- Symlinking: /ws/install_humble/tutorial_pkg/share/ament_index/resource_index/package_run_dependencies/tutorial_pkg
[26.129s] -- Symlinking: /ws/install_humble/tutorial_pkg/share/ament_index/resource_index/parent_prefix_path/tutorial_pkg
[26.148s] -- Symlinking: /ws/install_humble/tutorial_pkg/share/tutorial_pkg/environment/ament_prefix_path.sh
[26.170s] -- Symlinking: /ws/install_humble/tutorial_pkg/share/tutorial_pkg/environment/ament_prefix_path.dsv
[26.193s] -- Symlinking: /ws/install_humble/tutorial_pkg/share/tutorial_pkg/environment/path.sh
[26.217s] -- Symlinking: /ws/install_humble/tutorial_pkg/share/tutorial_pkg/environment/path.dsv
[26.238s] -- Symlinking: /ws/install_humble/tutorial_pkg/share/tutorial_pkg/local_setup.bash
[26.257s] -- Symlinking: /ws/install_humble/tutorial_pkg/share/tutorial_pkg/local_setup.sh
[26.276s] -- Symlinking: /ws/install_humble/tutorial_pkg/share/tutorial_pkg/local_setup.zsh
[26.296s] -- Symlinking: /ws/install_humble/tutorial_pkg/share/tutorial_pkg/local_setup.dsv
[26.318s] -- Symlinking: /ws/install_humble/tutorial_pkg/share/tutorial_pkg/package.dsv
[26.342s] -- Symlinking: /ws/install_humble/tutorial_pkg/share/ament_index/resource_index/packages/tutorial_pkg
[26.360s] -- Symlinking: /ws/install_humble/tutorial_pkg/share/tutorial_pkg/cmake/tutorial_pkgConfig.cmake
[26.381s] -- Symlinking: /ws/install_humble/tutorial_pkg/share/tutorial_pkg/cmake/tutorial_pkgConfig-version.cmake
[26.399s] -- Symlinking: /ws/install_humble/tutorial_pkg/share/tutorial_pkg/package.xml
[26.419s] Invoked command in '/ws/build_humble/tutorial_pkg' returned '0': CMAKE_PREFIX_PATH=/opt/ros/humble /usr/bin/cmake --install /ws/build_humble/tutorial_pkg
