[0.025s] Invoking command in '/ws/build_humble/tutorial_pkg': CMAKE_PREFIX_PATH=/opt/ros/humble /usr/bin/cmake --build /ws/build_humble/tutorial_pkg -- -j32 -l32
[0.135s] Consolidate compiler generated dependencies of target my_first_node
[0.171s] [100%] Built target my_first_node
[0.192s] Invoked command in '/ws/build_humble/tutorial_pkg' returned '0': CMAKE_PREFIX_PATH=/opt/ros/humble /usr/bin/cmake --build /ws/build_humble/tutorial_pkg -- -j32 -l32
[0.212s] Invoking command in '/ws/build_humble/tutorial_pkg': CMAKE_PREFIX_PATH=/opt/ros/humble /usr/bin/cmake --install /ws/build_humble/tutorial_pkg
[0.224s] -- Install configuration: ""
[0.225s] -- Execute custom install script
[0.228s] -- Up-to-date symlink: /ws/install_humble/tutorial_pkg/lib/tutorial_pkg/my_first_node
[0.229s] -- Up-to-date symlink: /ws/install_humble/tutorial_pkg/share/tutorial_pkg/launch/my_launch_file.yaml
[0.230s] -- Up-to-date symlink: /ws/install_humble/tutorial_pkg/share/ament_index/resource_index/package_run_dependencies/tutorial_pkg
[0.231s] -- Up-to-date symlink: /ws/install_humble/tutorial_pkg/share/ament_index/resource_index/parent_prefix_path/tutorial_pkg
[0.232s] -- Up-to-date symlink: /ws/install_humble/tutorial_pkg/share/tutorial_pkg/environment/ament_prefix_path.sh
[0.232s] -- Up-to-date symlink: /ws/install_humble/tutorial_pkg/share/tutorial_pkg/environment/ament_prefix_path.dsv
[0.232s] -- Up-to-date symlink: /ws/install_humble/tutorial_pkg/share/tutorial_pkg/environment/path.sh
[0.232s] -- Up-to-date symlink: /ws/install_humble/tutorial_pkg/share/tutorial_pkg/environment/path.dsv
[0.232s] -- Up-to-date symlink: /ws/install_humble/tutorial_pkg/share/tutorial_pkg/local_setup.bash
[0.232s] -- Up-to-date symlink: /ws/install_humble/tutorial_pkg/share/tutorial_pkg/local_setup.sh
[0.233s] -- Up-to-date symlink: /ws/install_humble/tutorial_pkg/share/tutorial_pkg/local_setup.zsh
[0.233s] -- Up-to-date symlink: /ws/install_humble/tutorial_pkg/share/tutorial_pkg/local_setup.dsv
[0.233s] -- Symlinking: /ws/install_humble/tutorial_pkg/share/tutorial_pkg/package.dsv
[0.249s] -- Up-to-date symlink: /ws/install_humble/tutorial_pkg/share/ament_index/resource_index/packages/tutorial_pkg
[0.249s] -- Up-to-date symlink: /ws/install_humble/tutorial_pkg/share/tutorial_pkg/cmake/tutorial_pkgConfig.cmake
[0.249s] -- Up-to-date symlink: /ws/install_humble/tutorial_pkg/share/tutorial_pkg/cmake/tutorial_pkgConfig-version.cmake
[0.250s] -- Up-to-date symlink: /ws/install_humble/tutorial_pkg/share/tutorial_pkg/package.xml
[0.254s] Invoked command in '/ws/build_humble/tutorial_pkg' returned '0': CMAKE_PREFIX_PATH=/opt/ros/humble /usr/bin/cmake --install /ws/build_humble/tutorial_pkg
