[0.343s] DEBUG:colcon:Command line arguments: ['/usr/bin/colcon', '--log-base', 'log_humble', 'build', '--symlink-install', '--packages-select', 'tutorial_pkg', '--build-base', 'build_humble', '--install-base', 'install_humble']
[0.343s] DEBUG:colcon:Parsed command line arguments: Namespace(log_base='log_humble', log_level=None, verb_name='build', build_base='/ws/build_humble', install_base='/ws/install_humble', merge_install=False, symlink_install=True, test_result_base=None, continue_on_error=False, executor='parallel', parallel_workers=32, event_handlers=None, ignore_user_meta=False, metas=['./colcon.meta'], base_paths=['.'], packages_ignore=None, packages_ignore_regex=None, paths=None, packages_up_to=None, packages_up_to_regex=None, packages_above=None, packages_above_and_dependencies=None, packages_above_depth=None, packages_select_by_dep=None, packages_skip_by_dep=None, packages_skip_up_to=None, packages_select_build_failed=False, packages_skip_build_finished=False, packages_select_test_failures=False, packages_skip_test_passed=False, packages_select=['tutorial_pkg'], packages_skip=None, packages_select_regex=None, packages_skip_regex=None, packages_start=None, packages_end=None, cmake_args=None, cmake_target=None, cmake_target_skip_unavailable=False, cmake_clean_cache=False, cmake_clean_first=False, cmake_force_configure=False, ament_cmake_args=None, catkin_cmake_args=None, catkin_skip_building_tests=False, mixin_files=None, mixin=None, verb_parser=<colcon_mixin.mixin.mixin_argument.MixinArgumentDecorator object at 0x75fdf6bb57b0>, verb_extension=<colcon_core.verb.build.BuildVerb object at 0x75fdf6bb4be0>, main=<bound method BuildVerb.main of <colcon_core.verb.build.BuildVerb object at 0x75fdf6bb4be0>>, mixin_verb=('build',))
[0.642s] Level 1:colcon.colcon_core.package_discovery:discover_packages(colcon_meta) check parameters
[0.644s] INFO:colcon.colcon_metadata.package_discovery.colcon_meta:Using configuration from '/root/.colcon/metadata/default/Gazebo.meta'
[0.645s] INFO:colcon.colcon_metadata.package_discovery.colcon_meta:Using configuration from '/root/.colcon/metadata/default/fastdds.meta'
[0.646s] INFO:colcon.colcon_metadata.package_discovery.colcon_meta:Using configuration from '/root/.colcon/metadata/default/fastrtps.meta'
[0.647s] Level 1:colcon.colcon_core.package_discovery:discover_packages(recursive) check parameters
[0.647s] Level 1:colcon.colcon_core.package_discovery:discover_packages(ignore) check parameters
[0.647s] Level 1:colcon.colcon_core.package_discovery:discover_packages(path) check parameters
[0.647s] Level 1:colcon.colcon_core.package_discovery:discover_packages(colcon_meta) discover
[0.647s] Level 1:colcon.colcon_core.package_discovery:discover_packages(recursive) discover
[0.647s] INFO:colcon.colcon_core.package_discovery:Crawling recursively for packages in '/ws'
[0.647s] Level 1:colcon.colcon_core.package_identification:_identify(.) by extensions ['ignore', 'ignore_ament_install']
[0.648s] Level 1:colcon.colcon_core.package_identification:_identify(.) by extension 'ignore'
[0.648s] Level 1:colcon.colcon_core.package_identification:_identify(.) by extension 'ignore_ament_install'
[0.648s] Level 1:colcon.colcon_core.package_identification:_identify(.) by extensions ['colcon_pkg']
[0.648s] Level 1:colcon.colcon_core.package_identification:_identify(.) by extension 'colcon_pkg'
[0.648s] Level 1:colcon.colcon_core.package_identification:_identify(.) by extensions ['colcon_meta']
[0.649s] Level 1:colcon.colcon_core.package_identification:_identify(.) by extension 'colcon_meta'
[0.649s] Level 1:colcon.colcon_core.package_identification:_identify(.) by extensions ['ros']
[0.649s] Level 1:colcon.colcon_core.package_identification:_identify(.) by extension 'ros'
[0.684s] Level 1:colcon.colcon_core.package_identification:_identify(.) by extensions ['cmake', 'python']
[0.684s] Level 1:colcon.colcon_core.package_identification:_identify(.) by extension 'cmake'
[0.684s] Level 1:colcon.colcon_core.package_identification:_identify(.) by extension 'python'
[0.684s] Level 1:colcon.colcon_core.package_identification:_identify(.) by extensions ['python_setup_py']
[0.684s] Level 1:colcon.colcon_core.package_identification:_identify(.) by extension 'python_setup_py'
[0.685s] Level 1:colcon.colcon_core.package_identification:_identify(build) by extensions ['ignore', 'ignore_ament_install']
[0.685s] Level 1:colcon.colcon_core.package_identification:_identify(build) by extension 'ignore'
[0.685s] Level 1:colcon.colcon_core.package_identification:_identify(build) ignored
[0.685s] Level 1:colcon.colcon_core.package_identification:_identify(build_humble) by extensions ['ignore', 'ignore_ament_install']
[0.686s] Level 1:colcon.colcon_core.package_identification:_identify(build_humble) by extension 'ignore'
[0.686s] Level 1:colcon.colcon_core.package_identification:_identify(build_humble) ignored
[0.686s] Level 1:colcon.colcon_core.package_identification:_identify(install) by extensions ['ignore', 'ignore_ament_install']
[0.686s] Level 1:colcon.colcon_core.package_identification:_identify(install) by extension 'ignore'
[0.686s] Level 1:colcon.colcon_core.package_identification:_identify(install) ignored
[0.687s] Level 1:colcon.colcon_core.package_identification:_identify(install_humble) by extensions ['ignore', 'ignore_ament_install']
[0.687s] Level 1:colcon.colcon_core.package_identification:_identify(install_humble) by extension 'ignore'
[0.687s] Level 1:colcon.colcon_core.package_identification:_identify(install_humble) ignored
[0.687s] Level 1:colcon.colcon_core.package_identification:_identify(log) by extensions ['ignore', 'ignore_ament_install']
[0.687s] Level 1:colcon.colcon_core.package_identification:_identify(log) by extension 'ignore'
[0.687s] Level 1:colcon.colcon_core.package_identification:_identify(log) ignored
[0.688s] Level 1:colcon.colcon_core.package_identification:_identify(log_humble) by extensions ['ignore', 'ignore_ament_install']
[0.688s] Level 1:colcon.colcon_core.package_identification:_identify(log_humble) by extension 'ignore'
[0.688s] Level 1:colcon.colcon_core.package_identification:_identify(log_humble) ignored
[0.688s] Level 1:colcon.colcon_core.package_identification:_identify(saved_images) by extensions ['ignore', 'ignore_ament_install']
[0.688s] Level 1:colcon.colcon_core.package_identification:_identify(saved_images) by extension 'ignore'
[0.689s] Level 1:colcon.colcon_core.package_identification:_identify(saved_images) by extension 'ignore_ament_install'
[0.689s] Level 1:colcon.colcon_core.package_identification:_identify(saved_images) by extensions ['colcon_pkg']
[0.689s] Level 1:colcon.colcon_core.package_identification:_identify(saved_images) by extension 'colcon_pkg'
[0.689s] Level 1:colcon.colcon_core.package_identification:_identify(saved_images) by extensions ['colcon_meta']
[0.689s] Level 1:colcon.colcon_core.package_identification:_identify(saved_images) by extension 'colcon_meta'
[0.689s] Level 1:colcon.colcon_core.package_identification:_identify(saved_images) by extensions ['ros']
[0.689s] Level 1:colcon.colcon_core.package_identification:_identify(saved_images) by extension 'ros'
[0.689s] Level 1:colcon.colcon_core.package_identification:_identify(saved_images) by extensions ['cmake', 'python']
[0.689s] Level 1:colcon.colcon_core.package_identification:_identify(saved_images) by extension 'cmake'
[0.689s] Level 1:colcon.colcon_core.package_identification:_identify(saved_images) by extension 'python'
[0.690s] Level 1:colcon.colcon_core.package_identification:_identify(saved_images) by extensions ['python_setup_py']
[0.690s] Level 1:colcon.colcon_core.package_identification:_identify(saved_images) by extension 'python_setup_py'
[0.690s] Level 1:colcon.colcon_core.package_identification:_identify(src) by extensions ['ignore', 'ignore_ament_install']
[0.690s] Level 1:colcon.colcon_core.package_identification:_identify(src) by extension 'ignore'
[0.690s] Level 1:colcon.colcon_core.package_identification:_identify(src) by extension 'ignore_ament_install'
[0.690s] Level 1:colcon.colcon_core.package_identification:_identify(src) by extensions ['colcon_pkg']
[0.690s] Level 1:colcon.colcon_core.package_identification:_identify(src) by extension 'colcon_pkg'
[0.690s] Level 1:colcon.colcon_core.package_identification:_identify(src) by extensions ['colcon_meta']
[0.690s] Level 1:colcon.colcon_core.package_identification:_identify(src) by extension 'colcon_meta'
[0.691s] Level 1:colcon.colcon_core.package_identification:_identify(src) by extensions ['ros']
[0.691s] Level 1:colcon.colcon_core.package_identification:_identify(src) by extension 'ros'
[0.691s] Level 1:colcon.colcon_core.package_identification:_identify(src) by extensions ['cmake', 'python']
[0.691s] Level 1:colcon.colcon_core.package_identification:_identify(src) by extension 'cmake'
[0.691s] Level 1:colcon.colcon_core.package_identification:_identify(src) by extension 'python'
[0.691s] Level 1:colcon.colcon_core.package_identification:_identify(src) by extensions ['python_setup_py']
[0.691s] Level 1:colcon.colcon_core.package_identification:_identify(src) by extension 'python_setup_py'
[0.691s] Level 1:colcon.colcon_core.package_identification:_identify(tutorial_pkg) by extensions ['ignore', 'ignore_ament_install']
[0.691s] Level 1:colcon.colcon_core.package_identification:_identify(tutorial_pkg) by extension 'ignore'
[0.692s] Level 1:colcon.colcon_core.package_identification:_identify(tutorial_pkg) by extension 'ignore_ament_install'
[0.692s] Level 1:colcon.colcon_core.package_identification:_identify(tutorial_pkg) by extensions ['colcon_pkg']
[0.692s] Level 1:colcon.colcon_core.package_identification:_identify(tutorial_pkg) by extension 'colcon_pkg'
[0.692s] Level 1:colcon.colcon_core.package_identification:_identify(tutorial_pkg) by extensions ['colcon_meta']
[0.692s] Level 1:colcon.colcon_core.package_identification:_identify(tutorial_pkg) by extension 'colcon_meta'
[0.692s] Level 1:colcon.colcon_core.package_identification:_identify(tutorial_pkg) by extensions ['ros']
[0.692s] Level 1:colcon.colcon_core.package_identification:_identify(tutorial_pkg) by extension 'ros'
[0.700s] DEBUG:colcon.colcon_core.package_identification:Package 'tutorial_pkg' with type 'ros.ament_cmake' and name 'tutorial_pkg'
[0.700s] Level 1:colcon.colcon_core.package_discovery:discover_packages(recursive) using defaults
[0.700s] Level 1:colcon.colcon_core.package_discovery:discover_packages(ignore) discover
[0.700s] Level 1:colcon.colcon_core.package_discovery:discover_packages(ignore) using defaults
[0.701s] Level 1:colcon.colcon_core.package_discovery:discover_packages(path) discover
[0.701s] Level 1:colcon.colcon_core.package_discovery:discover_packages(path) using defaults
[0.745s] Level 5:colcon.colcon_core.verb:set package 'tutorial_pkg' build argument 'cmake_args' from command line to 'None'
[0.745s] Level 5:colcon.colcon_core.verb:set package 'tutorial_pkg' build argument 'cmake_target' from command line to 'None'
[0.745s] Level 5:colcon.colcon_core.verb:set package 'tutorial_pkg' build argument 'cmake_target_skip_unavailable' from command line to 'False'
[0.745s] Level 5:colcon.colcon_core.verb:set package 'tutorial_pkg' build argument 'cmake_clean_cache' from command line to 'False'
[0.745s] Level 5:colcon.colcon_core.verb:set package 'tutorial_pkg' build argument 'cmake_clean_first' from command line to 'False'
[0.745s] Level 5:colcon.colcon_core.verb:set package 'tutorial_pkg' build argument 'cmake_force_configure' from command line to 'False'
[0.745s] Level 5:colcon.colcon_core.verb:set package 'tutorial_pkg' build argument 'ament_cmake_args' from command line to 'None'
[0.745s] Level 5:colcon.colcon_core.verb:set package 'tutorial_pkg' build argument 'catkin_cmake_args' from command line to 'None'
[0.745s] Level 5:colcon.colcon_core.verb:set package 'tutorial_pkg' build argument 'catkin_skip_building_tests' from command line to 'False'
[0.745s] DEBUG:colcon.colcon_core.verb:Building package 'tutorial_pkg' with the following arguments: {'ament_cmake_args': None, 'build_base': '/ws/build_humble/tutorial_pkg', 'catkin_cmake_args': None, 'catkin_skip_building_tests': False, 'cmake_args': None, 'cmake_clean_cache': False, 'cmake_clean_first': False, 'cmake_force_configure': False, 'cmake_target': None, 'cmake_target_skip_unavailable': False, 'install_base': '/ws/install_humble/tutorial_pkg', 'merge_install': False, 'path': '/ws/tutorial_pkg', 'symlink_install': True, 'test_result_base': None}
[0.746s] INFO:colcon.colcon_core.executor:Executing jobs using 'parallel' executor
[0.748s] DEBUG:colcon.colcon_parallel_executor.executor.parallel:run_until_complete
[0.748s] INFO:colcon.colcon_ros.task.ament_cmake.build:Building ROS package in '/ws/tutorial_pkg' with build type 'ament_cmake'
[0.749s] INFO:colcon.colcon_cmake.task.cmake.build:Building CMake package in '/ws/tutorial_pkg'
[0.753s] INFO:colcon.colcon_core.plugin_system:Skipping extension 'colcon_core.shell.bat': Not used on non-Windows systems
[0.754s] INFO:colcon.colcon_core.shell:Skip shell extension 'powershell' for command environment: Not usable outside of PowerShell
[0.754s] DEBUG:colcon.colcon_core.shell:Skip shell extension 'dsv' for command environment
[0.771s] DEBUG:colcon.colcon_core.event_handler.log_command:Invoking command in '/ws/build_humble/tutorial_pkg': CMAKE_PREFIX_PATH=/opt/ros/humble /usr/bin/cmake --build /ws/build_humble/tutorial_pkg -- -j32 -l32
[24.468s] DEBUG:colcon.colcon_core.event_handler.log_command:Invoked command in '/ws/build_humble/tutorial_pkg' returned '0': CMAKE_PREFIX_PATH=/opt/ros/humble /usr/bin/cmake --build /ws/build_humble/tutorial_pkg -- -j32 -l32
[24.487s] DEBUG:colcon.colcon_core.event_handler.log_command:Invoking command in '/ws/build_humble/tutorial_pkg': CMAKE_PREFIX_PATH=/opt/ros/humble /usr/bin/cmake --install /ws/build_humble/tutorial_pkg
[24.534s] Level 1:colcon.colcon_core.environment:create_environment_scripts_only(tutorial_pkg)
[24.535s] DEBUG:colcon.colcon_core.event_handler.log_command:Invoked command in '/ws/build_humble/tutorial_pkg' returned '0': CMAKE_PREFIX_PATH=/opt/ros/humble /usr/bin/cmake --install /ws/build_humble/tutorial_pkg
[24.545s] Level 1:colcon.colcon_core.environment:checking '/ws/install_humble/tutorial_pkg' for CMake module files
[24.547s] Level 1:colcon.colcon_core.environment:checking '/ws/install_humble/tutorial_pkg' for CMake config files
[24.548s] Level 1:colcon.colcon_core.shell:create_environment_hook('tutorial_pkg', 'cmake_prefix_path')
[24.549s] INFO:colcon.colcon_core.shell:Creating environment hook '/ws/install_humble/tutorial_pkg/share/tutorial_pkg/hook/cmake_prefix_path.ps1'
[24.551s] INFO:colcon.colcon_core.shell:Creating environment descriptor '/ws/install_humble/tutorial_pkg/share/tutorial_pkg/hook/cmake_prefix_path.dsv'
[24.552s] INFO:colcon.colcon_core.shell:Creating environment hook '/ws/install_humble/tutorial_pkg/share/tutorial_pkg/hook/cmake_prefix_path.sh'
[24.554s] Level 1:colcon.colcon_core.environment:checking '/ws/install_humble/tutorial_pkg/lib'
[24.555s] Level 1:colcon.colcon_core.environment:checking '/ws/install_humble/tutorial_pkg/bin'
[24.555s] Level 1:colcon.colcon_core.environment:checking '/ws/install_humble/tutorial_pkg/lib/pkgconfig/tutorial_pkg.pc'
[24.560s] Level 1:colcon.colcon_core.environment:checking '/ws/install_humble/tutorial_pkg/lib/python3.10/site-packages'
[24.561s] Level 1:colcon.colcon_core.environment:checking '/ws/install_humble/tutorial_pkg/bin'
[24.562s] INFO:colcon.colcon_core.shell:Creating package script '/ws/install_humble/tutorial_pkg/share/tutorial_pkg/package.ps1'
[24.564s] INFO:colcon.colcon_core.shell:Creating package descriptor '/ws/install_humble/tutorial_pkg/share/tutorial_pkg/package.dsv'
[24.565s] INFO:colcon.colcon_core.shell:Creating package script '/ws/install_humble/tutorial_pkg/share/tutorial_pkg/package.sh'
[24.567s] INFO:colcon.colcon_core.shell:Creating package script '/ws/install_humble/tutorial_pkg/share/tutorial_pkg/package.bash'
[24.568s] INFO:colcon.colcon_core.shell:Creating package script '/ws/install_humble/tutorial_pkg/share/tutorial_pkg/package.zsh'
[24.570s] Level 1:colcon.colcon_core.environment:create_file_with_runtime_dependencies(/ws/install_humble/tutorial_pkg/share/colcon-core/packages/tutorial_pkg)
[24.571s] Level 1:colcon.colcon_core.environment:create_environment_scripts_only(tutorial_pkg)
[24.571s] Level 1:colcon.colcon_core.environment:checking '/ws/install_humble/tutorial_pkg' for CMake module files
[24.572s] Level 1:colcon.colcon_core.environment:checking '/ws/install_humble/tutorial_pkg' for CMake config files
[24.573s] Level 1:colcon.colcon_core.shell:create_environment_hook('tutorial_pkg', 'cmake_prefix_path')
[24.573s] INFO:colcon.colcon_core.shell:Creating environment hook '/ws/install_humble/tutorial_pkg/share/tutorial_pkg/hook/cmake_prefix_path.ps1'
[24.574s] INFO:colcon.colcon_core.shell:Creating environment descriptor '/ws/install_humble/tutorial_pkg/share/tutorial_pkg/hook/cmake_prefix_path.dsv'
[24.575s] INFO:colcon.colcon_core.shell:Creating environment hook '/ws/install_humble/tutorial_pkg/share/tutorial_pkg/hook/cmake_prefix_path.sh'
[24.576s] Level 1:colcon.colcon_core.environment:checking '/ws/install_humble/tutorial_pkg/lib'
[24.577s] Level 1:colcon.colcon_core.environment:checking '/ws/install_humble/tutorial_pkg/bin'
[24.577s] Level 1:colcon.colcon_core.environment:checking '/ws/install_humble/tutorial_pkg/lib/pkgconfig/tutorial_pkg.pc'
[24.577s] Level 1:colcon.colcon_core.environment:checking '/ws/install_humble/tutorial_pkg/lib/python3.10/site-packages'
[24.578s] Level 1:colcon.colcon_core.environment:checking '/ws/install_humble/tutorial_pkg/bin'
[24.579s] INFO:colcon.colcon_core.shell:Creating package script '/ws/install_humble/tutorial_pkg/share/tutorial_pkg/package.ps1'
[24.581s] INFO:colcon.colcon_core.shell:Creating package descriptor '/ws/install_humble/tutorial_pkg/share/tutorial_pkg/package.dsv'
[24.582s] INFO:colcon.colcon_core.shell:Creating package script '/ws/install_humble/tutorial_pkg/share/tutorial_pkg/package.sh'
[24.584s] INFO:colcon.colcon_core.shell:Creating package script '/ws/install_humble/tutorial_pkg/share/tutorial_pkg/package.bash'
[24.585s] INFO:colcon.colcon_core.shell:Creating package script '/ws/install_humble/tutorial_pkg/share/tutorial_pkg/package.zsh'
[24.586s] Level 1:colcon.colcon_core.environment:create_file_with_runtime_dependencies(/ws/install_humble/tutorial_pkg/share/colcon-core/packages/tutorial_pkg)
[24.587s] DEBUG:colcon.colcon_parallel_executor.executor.parallel:closing loop
[24.587s] DEBUG:colcon.colcon_parallel_executor.executor.parallel:loop closed
[24.588s] DEBUG:colcon.colcon_parallel_executor.executor.parallel:run_until_complete finished with '0'
[24.588s] DEBUG:colcon.colcon_core.event_reactor:joining thread
[24.602s] INFO:colcon.colcon_core.plugin_system:Skipping extension 'colcon_notification.desktop_notification.notify_send': Could not find 'notify-send'
[24.603s] INFO:colcon.colcon_core.plugin_system:Skipping extension 'colcon_notification.desktop_notification.terminal_notifier': Not used on non-Darwin systems
[24.603s] INFO:colcon.colcon_core.plugin_system:Skipping extension 'colcon_notification.desktop_notification.win32': Not used on non-Windows systems
[24.603s] INFO:colcon.colcon_notification.desktop_notification:Sending desktop notification using 'notify2'
[24.603s] DEBUG:colcon.colcon_notification.desktop_notification.notify2:Failed to initialize notify2: org.freedesktop.DBus.Error.NotSupported: Unable to autolaunch a dbus-daemon without a $DISPLAY for X11
[24.603s] DEBUG:colcon.colcon_core.event_reactor:joined thread
[24.604s] INFO:colcon.colcon_core.shell:Creating prefix script '/ws/install_humble/local_setup.ps1'
[24.607s] INFO:colcon.colcon_core.shell:Creating prefix util module '/ws/install_humble/_local_setup_util_ps1.py'
[24.612s] INFO:colcon.colcon_core.shell:Creating prefix chain script '/ws/install_humble/setup.ps1'
[24.615s] INFO:colcon.colcon_core.shell:Creating prefix script '/ws/install_humble/local_setup.sh'
[24.617s] INFO:colcon.colcon_core.shell:Creating prefix util module '/ws/install_humble/_local_setup_util_sh.py'
[24.618s] INFO:colcon.colcon_core.shell:Creating prefix chain script '/ws/install_humble/setup.sh'
[24.621s] INFO:colcon.colcon_core.shell:Creating prefix script '/ws/install_humble/local_setup.bash'
[24.622s] INFO:colcon.colcon_core.shell:Creating prefix chain script '/ws/install_humble/setup.bash'
[24.624s] INFO:colcon.colcon_core.shell:Creating prefix script '/ws/install_humble/local_setup.zsh'
[24.625s] INFO:colcon.colcon_core.shell:Creating prefix chain script '/ws/install_humble/setup.zsh'
