[0.000000] (-) TimerEvent: {}
[0.000852] (-) JobUnselected: {'identifier': 'cpp_pubsub'}
[0.001180] (-) JobUnselected: {'identifier': 'py_pubsub'}
[0.001474] (tutorial_pkg) JobQueued: {'identifier': 'tutorial_pkg', 'dependencies': OrderedDict()}
[0.001619] (tutorial_pkg) JobStarted: {'identifier': 'tutorial_pkg'}
[0.021537] (tutorial_pkg) JobProgress: {'identifier': 'tutorial_pkg', 'progress': 'cmake'}
[0.023481] (tutorial_pkg) JobProgress: {'identifier': 'tutorial_pkg', 'progress': 'build'}
[0.025187] (tutorial_pkg) Command: {'cmd': ['/usr/bin/cmake', '--build', '/ws/build_humble/tutorial_pkg', '--', '-j32', '-l32'], 'cwd': '/ws/build_humble/tutorial_pkg', 'env': OrderedDict([('HOSTNAME', 'jiawensun'), ('SHLVL', '0'), ('LD_LIBRARY_PATH', '/opt/ros/humble/lib/x86_64-linux-gnu:/opt/ros/humble/lib'), ('HOME', '/root'), ('ROS_PYTHON_VERSION', '3'), ('ROS_DISTRO', 'humble'), ('_', '/usr/bin/colcon'), ('ROS_VERSION', '2'), ('ROS_LOCALHOST_ONLY', '0'), ('PATH', '/opt/ros/humble/bin:/usr/local/sbin:/usr/local/bin:/usr/sbin:/usr/bin:/sbin:/bin'), ('LANG', 'C.UTF-8'), ('AMENT_PREFIX_PATH', '/opt/ros/humble'), ('PWD', '/ws/build_humble/tutorial_pkg'), ('LC_ALL', 'C.UTF-8'), ('PYTHONPATH', '/opt/ros/humble/lib/python3.10/site-packages:/opt/ros/humble/local/lib/python3.10/dist-packages'), ('COLCON', '1'), ('CMAKE_PREFIX_PATH', '/opt/ros/humble')]), 'shell': False}
[0.096067] (tutorial_pkg) StdoutLine: {'line': b'-- Found ament_cmake: 1.3.14 (/opt/ros/humble/share/ament_cmake/cmake)\n'}
[0.099003] (-) TimerEvent: {}
[0.199269] (-) TimerEvent: {}
[0.299706] (-) TimerEvent: {}
[0.400033] (-) TimerEvent: {}
[0.419279] (tutorial_pkg) StdoutLine: {'line': b'-- Found rclcpp: 16.0.19 (/opt/ros/humble/share/rclcpp/cmake)\n'}
[0.485786] (tutorial_pkg) StdoutLine: {'line': b'-- Found rosidl_generator_c: 3.1.8 (/opt/ros/humble/share/rosidl_generator_c/cmake)\n'}
[0.492696] (tutorial_pkg) StdoutLine: {'line': b'-- Found rosidl_adapter: 3.1.8 (/opt/ros/humble/share/rosidl_adapter/cmake)\n'}
[0.500121] (-) TimerEvent: {}
[0.509669] (tutorial_pkg) StdoutLine: {'line': b'-- Found rosidl_generator_cpp: 3.1.8 (/opt/ros/humble/share/rosidl_generator_cpp/cmake)\n'}
[0.535115] (tutorial_pkg) StdoutLine: {'line': b'-- Using all available rosidl_typesupport_c: rosidl_typesupport_fastrtps_c;rosidl_typesupport_introspection_c\n'}
[0.569732] (tutorial_pkg) StdoutLine: {'line': b'-- Using all available rosidl_typesupport_cpp: rosidl_typesupport_fastrtps_cpp;rosidl_typesupport_introspection_cpp\n'}
[0.600286] (-) TimerEvent: {}
[0.659555] (tutorial_pkg) StdoutLine: {'line': b'-- Found rmw_implementation_cmake: 6.1.2 (/opt/ros/humble/share/rmw_implementation_cmake/cmake)\n'}
[0.663691] (tutorial_pkg) StdoutLine: {'line': b'-- Found rmw_fastrtps_cpp: 6.2.10 (/opt/ros/humble/share/rmw_fastrtps_cpp/cmake)\n'}
[0.700443] (-) TimerEvent: {}
[0.800773] (-) TimerEvent: {}
[0.848315] (tutorial_pkg) StdoutLine: {'line': b"-- Using RMW implementation 'rmw_fastrtps_cpp' as default\n"}
[0.900999] (-) TimerEvent: {}
[0.983055] (tutorial_pkg) StdoutLine: {'line': b'-- Found sensor_msgs: 4.9.1 (/opt/ros/humble/share/sensor_msgs/cmake)\n'}
[1.001117] (-) TimerEvent: {}
[1.101381] (-) TimerEvent: {}
[1.201697] (-) TimerEvent: {}
[1.218345] (tutorial_pkg) StdoutLine: {'line': b'-- Configuring done\n'}
[1.245686] (tutorial_pkg) StdoutLine: {'line': b'-- Generating done\n'}
[1.256654] (tutorial_pkg) StdoutLine: {'line': b'-- Build files have been written to: /ws/build_humble/tutorial_pkg\n'}
[1.301837] (-) TimerEvent: {}
[1.317802] (tutorial_pkg) StdoutLine: {'line': b'Consolidate compiler generated dependencies of target my_first_node\n'}
[1.347892] (tutorial_pkg) StdoutLine: {'line': b'[ 50%] Building CXX object CMakeFiles/my_first_node.dir/src/my_first_node.cpp.o\n'}
[1.401973] (-) TimerEvent: {}
[1.502251] (-) TimerEvent: {}
[1.602539] (-) TimerEvent: {}
[1.702852] (-) TimerEvent: {}
[1.803291] (-) TimerEvent: {}
[1.903672] (-) TimerEvent: {}
[2.004032] (-) TimerEvent: {}
[2.104347] (-) TimerEvent: {}
[2.204686] (-) TimerEvent: {}
[2.305025] (-) TimerEvent: {}
[2.405340] (-) TimerEvent: {}
[2.505693] (-) TimerEvent: {}
[2.606016] (-) TimerEvent: {}
[2.706337] (-) TimerEvent: {}
[2.806685] (-) TimerEvent: {}
[2.906997] (-) TimerEvent: {}
[3.007352] (-) TimerEvent: {}
[3.107801] (-) TimerEvent: {}
[3.208329] (-) TimerEvent: {}
[3.309048] (-) TimerEvent: {}
[3.409377] (-) TimerEvent: {}
[3.509846] (-) TimerEvent: {}
[3.610201] (-) TimerEvent: {}
[3.710524] (-) TimerEvent: {}
[3.810875] (-) TimerEvent: {}
[3.911220] (-) TimerEvent: {}
[4.011575] (-) TimerEvent: {}
[4.111951] (-) TimerEvent: {}
[4.212805] (-) TimerEvent: {}
[4.313088] (-) TimerEvent: {}
[4.413689] (-) TimerEvent: {}
[4.514020] (-) TimerEvent: {}
[4.614387] (-) TimerEvent: {}
[4.715439] (-) TimerEvent: {}
[4.816693] (-) TimerEvent: {}
[4.917012] (-) TimerEvent: {}
[5.017323] (-) TimerEvent: {}
[5.117710] (-) TimerEvent: {}
[5.218073] (-) TimerEvent: {}
[5.318424] (-) TimerEvent: {}
[5.418769] (-) TimerEvent: {}
[5.519096] (-) TimerEvent: {}
[5.619497] (-) TimerEvent: {}
[5.719857] (-) TimerEvent: {}
[5.820700] (-) TimerEvent: {}
[5.921110] (-) TimerEvent: {}
[6.021426] (-) TimerEvent: {}
[6.121709] (-) TimerEvent: {}
[6.222005] (-) TimerEvent: {}
[6.322366] (-) TimerEvent: {}
[6.422728] (-) TimerEvent: {}
[6.523023] (-) TimerEvent: {}
[6.623719] (-) TimerEvent: {}
[6.724158] (-) TimerEvent: {}
[6.824697] (-) TimerEvent: {}
[6.925025] (-) TimerEvent: {}
[7.025315] (-) TimerEvent: {}
[7.125565] (-) TimerEvent: {}
[7.225895] (-) TimerEvent: {}
[7.326689] (-) TimerEvent: {}
[7.427002] (-) TimerEvent: {}
[7.527618] (-) TimerEvent: {}
[7.627965] (-) TimerEvent: {}
[7.728308] (-) TimerEvent: {}
[7.828640] (-) TimerEvent: {}
[7.929269] (-) TimerEvent: {}
[8.029639] (-) TimerEvent: {}
[8.129960] (-) TimerEvent: {}
[8.231700] (-) TimerEvent: {}
[8.332043] (-) TimerEvent: {}
[8.432432] (-) TimerEvent: {}
[8.532769] (-) TimerEvent: {}
[8.633088] (-) TimerEvent: {}
[8.733422] (-) TimerEvent: {}
[8.833746] (-) TimerEvent: {}
[8.934066] (-) TimerEvent: {}
[9.034384] (-) TimerEvent: {}
[9.134732] (-) TimerEvent: {}
[9.235056] (-) TimerEvent: {}
[9.335385] (-) TimerEvent: {}
[9.435793] (-) TimerEvent: {}
[9.536072] (-) TimerEvent: {}
[9.636339] (-) TimerEvent: {}
[9.736637] (-) TimerEvent: {}
[9.836898] (-) TimerEvent: {}
[9.937176] (-) TimerEvent: {}
[10.037694] (-) TimerEvent: {}
[10.138038] (-) TimerEvent: {}
[10.238358] (-) TimerEvent: {}
[10.338727] (-) TimerEvent: {}
[10.439048] (-) TimerEvent: {}
[10.539376] (-) TimerEvent: {}
[10.639710] (-) TimerEvent: {}
[10.740089] (-) TimerEvent: {}
[10.840415] (-) TimerEvent: {}
[10.940715] (-) TimerEvent: {}
[11.041044] (-) TimerEvent: {}
[11.141381] (-) TimerEvent: {}
[11.241713] (-) TimerEvent: {}
[11.342064] (-) TimerEvent: {}
[11.442399] (-) TimerEvent: {}
[11.542678] (-) TimerEvent: {}
[11.642939] (-) TimerEvent: {}
[11.743204] (-) TimerEvent: {}
[11.843459] (-) TimerEvent: {}
[11.943699] (-) TimerEvent: {}
[12.044004] (-) TimerEvent: {}
[12.144285] (-) TimerEvent: {}
[12.244604] (-) TimerEvent: {}
[12.344896] (-) TimerEvent: {}
[12.445391] (-) TimerEvent: {}
[12.545709] (-) TimerEvent: {}
[12.646698] (-) TimerEvent: {}
[12.747702] (-) TimerEvent: {}
[12.848052] (-) TimerEvent: {}
[12.948380] (-) TimerEvent: {}
[13.048725] (-) TimerEvent: {}
[13.149102] (-) TimerEvent: {}
[13.249420] (-) TimerEvent: {}
[13.349763] (-) TimerEvent: {}
[13.450069] (-) TimerEvent: {}
[13.550360] (-) TimerEvent: {}
[13.650691] (-) TimerEvent: {}
[13.750992] (-) TimerEvent: {}
[13.851288] (-) TimerEvent: {}
[13.951550] (-) TimerEvent: {}
[14.051829] (-) TimerEvent: {}
[14.152119] (-) TimerEvent: {}
[14.252454] (-) TimerEvent: {}
[14.352915] (-) TimerEvent: {}
[14.453446] (-) TimerEvent: {}
[14.553835] (-) TimerEvent: {}
[14.654701] (-) TimerEvent: {}
[14.755039] (-) TimerEvent: {}
[14.855371] (-) TimerEvent: {}
[14.955702] (-) TimerEvent: {}
[15.056009] (-) TimerEvent: {}
[15.156292] (-) TimerEvent: {}
[15.256608] (-) TimerEvent: {}
[15.357684] (-) TimerEvent: {}
[15.457992] (-) TimerEvent: {}
[15.558297] (-) TimerEvent: {}
[15.658638] (-) TimerEvent: {}
[15.758949] (-) TimerEvent: {}
[15.859248] (-) TimerEvent: {}
[15.959526] (-) TimerEvent: {}
[16.059962] (-) TimerEvent: {}
[16.160268] (-) TimerEvent: {}
[16.260698] (-) TimerEvent: {}
[16.361027] (-) TimerEvent: {}
[16.461321] (-) TimerEvent: {}
[16.561577] (-) TimerEvent: {}
[16.661863] (-) TimerEvent: {}
[16.762135] (-) TimerEvent: {}
[16.862401] (-) TimerEvent: {}
[16.962693] (-) TimerEvent: {}
[17.062990] (-) TimerEvent: {}
[17.163260] (-) TimerEvent: {}
[17.263529] (-) TimerEvent: {}
[17.363826] (-) TimerEvent: {}
[17.464135] (-) TimerEvent: {}
[17.564492] (-) TimerEvent: {}
[17.664826] (-) TimerEvent: {}
[17.765154] (-) TimerEvent: {}
[17.865487] (-) TimerEvent: {}
[17.966071] (-) TimerEvent: {}
[18.066403] (-) TimerEvent: {}
[18.166698] (-) TimerEvent: {}
[18.266986] (-) TimerEvent: {}
[18.367711] (-) TimerEvent: {}
[18.468066] (-) TimerEvent: {}
[18.568385] (-) TimerEvent: {}
[18.668701] (-) TimerEvent: {}
[18.769006] (-) TimerEvent: {}
[18.869292] (-) TimerEvent: {}
[18.969613] (-) TimerEvent: {}
[19.069953] (-) TimerEvent: {}
[19.170375] (-) TimerEvent: {}
[19.270709] (-) TimerEvent: {}
[19.371036] (-) TimerEvent: {}
[19.471381] (-) TimerEvent: {}
[19.571676] (-) TimerEvent: {}
[19.671939] (-) TimerEvent: {}
[19.772202] (-) TimerEvent: {}
[19.872468] (-) TimerEvent: {}
[19.972833] (-) TimerEvent: {}
[20.073245] (-) TimerEvent: {}
[20.173552] (-) TimerEvent: {}
[20.273865] (-) TimerEvent: {}
[20.374147] (-) TimerEvent: {}
[20.474401] (-) TimerEvent: {}
[20.574705] (-) TimerEvent: {}
[20.675000] (-) TimerEvent: {}
[20.775304] (-) TimerEvent: {}
[20.875701] (-) TimerEvent: {}
[20.976074] (-) TimerEvent: {}
[21.021102] (tutorial_pkg) StdoutLine: {'line': b'[100%] Linking CXX executable my_first_node\n'}
[21.076227] (-) TimerEvent: {}
[21.176556] (-) TimerEvent: {}
[21.276874] (-) TimerEvent: {}
[21.377135] (-) TimerEvent: {}
[21.477411] (-) TimerEvent: {}
[21.577680] (-) TimerEvent: {}
[21.677994] (-) TimerEvent: {}
[21.778313] (-) TimerEvent: {}
[21.878656] (-) TimerEvent: {}
[21.979054] (-) TimerEvent: {}
[22.026897] (tutorial_pkg) StdoutLine: {'line': b'[100%] Built target my_first_node\n'}
[22.051763] (tutorial_pkg) CommandEnded: {'returncode': 0}
[22.053563] (tutorial_pkg) JobProgress: {'identifier': 'tutorial_pkg', 'progress': 'install'}
[22.076113] (tutorial_pkg) Command: {'cmd': ['/usr/bin/cmake', '--install', '/ws/build_humble/tutorial_pkg'], 'cwd': '/ws/build_humble/tutorial_pkg', 'env': OrderedDict([('HOSTNAME', 'jiawensun'), ('SHLVL', '0'), ('LD_LIBRARY_PATH', '/opt/ros/humble/lib/x86_64-linux-gnu:/opt/ros/humble/lib'), ('HOME', '/root'), ('ROS_PYTHON_VERSION', '3'), ('ROS_DISTRO', 'humble'), ('_', '/usr/bin/colcon'), ('ROS_VERSION', '2'), ('ROS_LOCALHOST_ONLY', '0'), ('PATH', '/opt/ros/humble/bin:/usr/local/sbin:/usr/local/bin:/usr/sbin:/usr/bin:/sbin:/bin'), ('LANG', 'C.UTF-8'), ('AMENT_PREFIX_PATH', '/opt/ros/humble'), ('PWD', '/ws/build_humble/tutorial_pkg'), ('LC_ALL', 'C.UTF-8'), ('PYTHONPATH', '/opt/ros/humble/lib/python3.10/site-packages:/opt/ros/humble/local/lib/python3.10/dist-packages'), ('COLCON', '1'), ('CMAKE_PREFIX_PATH', '/opt/ros/humble')]), 'shell': False}
[22.079176] (-) TimerEvent: {}
[22.092956] (tutorial_pkg) StdoutLine: {'line': b'-- Install configuration: ""\n'}
[22.093429] (tutorial_pkg) StdoutLine: {'line': b'-- Installing: /ws/install_humble/tutorial_pkg/lib/tutorial_pkg/my_first_node\n'}
[22.098604] (tutorial_pkg) StdoutLine: {'line': b'-- Set runtime path of "/ws/install_humble/tutorial_pkg/lib/tutorial_pkg/my_first_node" to ""\n'}
[22.099007] (tutorial_pkg) StdoutLine: {'line': b'-- Installing: /ws/install_humble/tutorial_pkg/share/ament_index/resource_index/package_run_dependencies/tutorial_pkg\n'}
[22.099415] (tutorial_pkg) StdoutLine: {'line': b'-- Installing: /ws/install_humble/tutorial_pkg/share/ament_index/resource_index/parent_prefix_path/tutorial_pkg\n'}
[22.099791] (tutorial_pkg) StdoutLine: {'line': b'-- Installing: /ws/install_humble/tutorial_pkg/share/tutorial_pkg/environment/ament_prefix_path.sh\n'}
[22.100076] (tutorial_pkg) StdoutLine: {'line': b'-- Installing: /ws/install_humble/tutorial_pkg/share/tutorial_pkg/environment/ament_prefix_path.dsv\n'}
[22.100442] (tutorial_pkg) StdoutLine: {'line': b'-- Installing: /ws/install_humble/tutorial_pkg/share/tutorial_pkg/environment/path.sh\n'}
[22.100773] (tutorial_pkg) StdoutLine: {'line': b'-- Installing: /ws/install_humble/tutorial_pkg/share/tutorial_pkg/environment/path.dsv\n'}
[22.101186] (tutorial_pkg) StdoutLine: {'line': b'-- Installing: /ws/install_humble/tutorial_pkg/share/tutorial_pkg/local_setup.bash\n'}
[22.101493] (tutorial_pkg) StdoutLine: {'line': b'-- Installing: /ws/install_humble/tutorial_pkg/share/tutorial_pkg/local_setup.sh\n'}
[22.102072] (tutorial_pkg) StdoutLine: {'line': b'-- Installing: /ws/install_humble/tutorial_pkg/share/tutorial_pkg/local_setup.zsh\n'}
[22.102524] (tutorial_pkg) StdoutLine: {'line': b'-- Installing: /ws/install_humble/tutorial_pkg/share/tutorial_pkg/local_setup.dsv\n'}
[22.102702] (tutorial_pkg) StdoutLine: {'line': b'-- Installing: /ws/install_humble/tutorial_pkg/share/tutorial_pkg/package.dsv\n'}
[22.102963] (tutorial_pkg) StdoutLine: {'line': b'-- Installing: /ws/install_humble/tutorial_pkg/share/ament_index/resource_index/packages/tutorial_pkg\n'}
[22.103394] (tutorial_pkg) StdoutLine: {'line': b'-- Installing: /ws/install_humble/tutorial_pkg/share/tutorial_pkg/cmake/tutorial_pkgConfig.cmake\n'}
[22.103775] (tutorial_pkg) StdoutLine: {'line': b'-- Installing: /ws/install_humble/tutorial_pkg/share/tutorial_pkg/cmake/tutorial_pkgConfig-version.cmake\n'}
[22.104027] (tutorial_pkg) StdoutLine: {'line': b'-- Installing: /ws/install_humble/tutorial_pkg/share/tutorial_pkg/package.xml\n'}
[22.106538] (tutorial_pkg) CommandEnded: {'returncode': 0}
[22.147894] (tutorial_pkg) JobEnded: {'identifier': 'tutorial_pkg', 'rc': 0}
[22.148978] (-) EventReactorShutdown: {}
