[0.289s] DEBUG:colcon:Command line arguments: ['/usr/bin/colcon', '--log-base', 'log_humble', 'build', '--packages-select', 'tutorial_pkg', '--build-base', 'build_humble', '--install-base', 'install_humble']
[0.289s] DEBUG:colcon:Parsed command line arguments: Namespace(log_base='log_humble', log_level=None, verb_name='build', build_base='/ws/build_humble', install_base='/ws/install_humble', merge_install=False, symlink_install=False, test_result_base=None, continue_on_error=False, executor='parallel', parallel_workers=32, event_handlers=None, ignore_user_meta=False, metas=['./colcon.meta'], base_paths=['.'], packages_ignore=None, packages_ignore_regex=None, paths=None, packages_up_to=None, packages_up_to_regex=None, packages_above=None, packages_above_and_dependencies=None, packages_above_depth=None, packages_select_by_dep=None, packages_skip_by_dep=None, packages_skip_up_to=None, packages_select_build_failed=False, packages_skip_build_finished=False, packages_select_test_failures=False, packages_skip_test_passed=False, packages_select=['tutorial_pkg'], packages_skip=None, packages_select_regex=None, packages_skip_regex=None, packages_start=None, packages_end=None, cmake_args=None, cmake_target=None, cmake_target_skip_unavailable=False, cmake_clean_cache=False, cmake_clean_first=False, cmake_force_configure=False, ament_cmake_args=None, catkin_cmake_args=None, catkin_skip_building_tests=False, mixin_files=None, mixin=None, verb_parser=<colcon_mixin.mixin.mixin_argument.MixinArgumentDecorator object at 0x79d56d5a9780>, verb_extension=<colcon_core.verb.build.BuildVerb object at 0x79d56d5a8bb0>, main=<bound method BuildVerb.main of <colcon_core.verb.build.BuildVerb object at 0x79d56d5a8bb0>>, mixin_verb=('build',))
[0.581s] Level 1:colcon.colcon_core.package_discovery:discover_packages(colcon_meta) check parameters
[0.583s] INFO:colcon.colcon_metadata.package_discovery.colcon_meta:Using configuration from '/root/.colcon/metadata/default/Gazebo.meta'
[0.585s] INFO:colcon.colcon_metadata.package_discovery.colcon_meta:Using configuration from '/root/.colcon/metadata/default/fastdds.meta'
[0.586s] INFO:colcon.colcon_metadata.package_discovery.colcon_meta:Using configuration from '/root/.colcon/metadata/default/fastrtps.meta'
[0.586s] Level 1:colcon.colcon_core.package_discovery:discover_packages(recursive) check parameters
[0.586s] Level 1:colcon.colcon_core.package_discovery:discover_packages(ignore) check parameters
[0.586s] Level 1:colcon.colcon_core.package_discovery:discover_packages(path) check parameters
[0.586s] Level 1:colcon.colcon_core.package_discovery:discover_packages(colcon_meta) discover
[0.587s] Level 1:colcon.colcon_core.package_discovery:discover_packages(recursive) discover
[0.587s] INFO:colcon.colcon_core.package_discovery:Crawling recursively for packages in '/ws'
[0.587s] Level 1:colcon.colcon_core.package_identification:_identify(.) by extensions ['ignore', 'ignore_ament_install']
[0.587s] Level 1:colcon.colcon_core.package_identification:_identify(.) by extension 'ignore'
[0.587s] Level 1:colcon.colcon_core.package_identification:_identify(.) by extension 'ignore_ament_install'
[0.588s] Level 1:colcon.colcon_core.package_identification:_identify(.) by extensions ['colcon_pkg']
[0.588s] Level 1:colcon.colcon_core.package_identification:_identify(.) by extension 'colcon_pkg'
[0.588s] Level 1:colcon.colcon_core.package_identification:_identify(.) by extensions ['colcon_meta']
[0.588s] Level 1:colcon.colcon_core.package_identification:_identify(.) by extension 'colcon_meta'
[0.588s] Level 1:colcon.colcon_core.package_identification:_identify(.) by extensions ['ros']
[0.588s] Level 1:colcon.colcon_core.package_identification:_identify(.) by extension 'ros'
[0.620s] Level 1:colcon.colcon_core.package_identification:_identify(.) by extensions ['cmake', 'python']
[0.620s] Level 1:colcon.colcon_core.package_identification:_identify(.) by extension 'cmake'
[0.620s] Level 1:colcon.colcon_core.package_identification:_identify(.) by extension 'python'
[0.620s] Level 1:colcon.colcon_core.package_identification:_identify(.) by extensions ['python_setup_py']
[0.620s] Level 1:colcon.colcon_core.package_identification:_identify(.) by extension 'python_setup_py'
[0.620s] Level 1:colcon.colcon_core.package_identification:_identify(build) by extensions ['ignore', 'ignore_ament_install']
[0.621s] Level 1:colcon.colcon_core.package_identification:_identify(build) by extension 'ignore'
[0.621s] Level 1:colcon.colcon_core.package_identification:_identify(build) ignored
[0.621s] Level 1:colcon.colcon_core.package_identification:_identify(build_humble) by extensions ['ignore', 'ignore_ament_install']
[0.621s] Level 1:colcon.colcon_core.package_identification:_identify(build_humble) by extension 'ignore'
[0.621s] Level 1:colcon.colcon_core.package_identification:_identify(build_humble) ignored
[0.622s] Level 1:colcon.colcon_core.package_identification:_identify(demos) by extensions ['ignore', 'ignore_ament_install']
[0.622s] Level 1:colcon.colcon_core.package_identification:_identify(demos) by extension 'ignore'
[0.622s] Level 1:colcon.colcon_core.package_identification:_identify(demos) by extension 'ignore_ament_install'
[0.622s] Level 1:colcon.colcon_core.package_identification:_identify(demos) by extensions ['colcon_pkg']
[0.622s] Level 1:colcon.colcon_core.package_identification:_identify(demos) by extension 'colcon_pkg'
[0.622s] Level 1:colcon.colcon_core.package_identification:_identify(demos) by extensions ['colcon_meta']
[0.622s] Level 1:colcon.colcon_core.package_identification:_identify(demos) by extension 'colcon_meta'
[0.622s] Level 1:colcon.colcon_core.package_identification:_identify(demos) by extensions ['ros']
[0.622s] Level 1:colcon.colcon_core.package_identification:_identify(demos) by extension 'ros'
[0.623s] Level 1:colcon.colcon_core.package_identification:_identify(demos) by extensions ['cmake', 'python']
[0.623s] Level 1:colcon.colcon_core.package_identification:_identify(demos) by extension 'cmake'
[0.623s] Level 1:colcon.colcon_core.package_identification:_identify(demos) by extension 'python'
[0.623s] Level 1:colcon.colcon_core.package_identification:_identify(demos) by extensions ['python_setup_py']
[0.623s] Level 1:colcon.colcon_core.package_identification:_identify(demos) by extension 'python_setup_py'
[0.623s] Level 1:colcon.colcon_core.package_identification:_identify(install) by extensions ['ignore', 'ignore_ament_install']
[0.623s] Level 1:colcon.colcon_core.package_identification:_identify(install) by extension 'ignore'
[0.623s] Level 1:colcon.colcon_core.package_identification:_identify(install) ignored
[0.624s] Level 1:colcon.colcon_core.package_identification:_identify(install_humble) by extensions ['ignore', 'ignore_ament_install']
[0.624s] Level 1:colcon.colcon_core.package_identification:_identify(install_humble) by extension 'ignore'
[0.624s] Level 1:colcon.colcon_core.package_identification:_identify(install_humble) ignored
[0.624s] Level 1:colcon.colcon_core.package_identification:_identify(launch) by extensions ['ignore', 'ignore_ament_install']
[0.624s] Level 1:colcon.colcon_core.package_identification:_identify(launch) by extension 'ignore'
[0.624s] Level 1:colcon.colcon_core.package_identification:_identify(launch) by extension 'ignore_ament_install'
[0.624s] Level 1:colcon.colcon_core.package_identification:_identify(launch) by extensions ['colcon_pkg']
[0.624s] Level 1:colcon.colcon_core.package_identification:_identify(launch) by extension 'colcon_pkg'
[0.625s] Level 1:colcon.colcon_core.package_identification:_identify(launch) by extensions ['colcon_meta']
[0.625s] Level 1:colcon.colcon_core.package_identification:_identify(launch) by extension 'colcon_meta'
[0.625s] Level 1:colcon.colcon_core.package_identification:_identify(launch) by extensions ['ros']
[0.625s] Level 1:colcon.colcon_core.package_identification:_identify(launch) by extension 'ros'
[0.625s] Level 1:colcon.colcon_core.package_identification:_identify(launch) by extensions ['cmake', 'python']
[0.625s] Level 1:colcon.colcon_core.package_identification:_identify(launch) by extension 'cmake'
[0.625s] Level 1:colcon.colcon_core.package_identification:_identify(launch) by extension 'python'
[0.625s] Level 1:colcon.colcon_core.package_identification:_identify(launch) by extensions ['python_setup_py']
[0.625s] Level 1:colcon.colcon_core.package_identification:_identify(launch) by extension 'python_setup_py'
[0.625s] Level 1:colcon.colcon_core.package_identification:_identify(log) by extensions ['ignore', 'ignore_ament_install']
[0.626s] Level 1:colcon.colcon_core.package_identification:_identify(log) by extension 'ignore'
[0.626s] Level 1:colcon.colcon_core.package_identification:_identify(log) ignored
[0.626s] Level 1:colcon.colcon_core.package_identification:_identify(log_humble) by extensions ['ignore', 'ignore_ament_install']
[0.626s] Level 1:colcon.colcon_core.package_identification:_identify(log_humble) by extension 'ignore'
[0.626s] Level 1:colcon.colcon_core.package_identification:_identify(log_humble) ignored
[0.627s] Level 1:colcon.colcon_core.package_identification:_identify(src) by extensions ['ignore', 'ignore_ament_install']
[0.627s] Level 1:colcon.colcon_core.package_identification:_identify(src) by extension 'ignore'
[0.627s] Level 1:colcon.colcon_core.package_identification:_identify(src) by extension 'ignore_ament_install'
[0.627s] Level 1:colcon.colcon_core.package_identification:_identify(src) by extensions ['colcon_pkg']
[0.627s] Level 1:colcon.colcon_core.package_identification:_identify(src) by extension 'colcon_pkg'
[0.627s] Level 1:colcon.colcon_core.package_identification:_identify(src) by extensions ['colcon_meta']
[0.627s] Level 1:colcon.colcon_core.package_identification:_identify(src) by extension 'colcon_meta'
[0.627s] Level 1:colcon.colcon_core.package_identification:_identify(src) by extensions ['ros']
[0.627s] Level 1:colcon.colcon_core.package_identification:_identify(src) by extension 'ros'
[0.628s] Level 1:colcon.colcon_core.package_identification:_identify(src) by extensions ['cmake', 'python']
[0.628s] Level 1:colcon.colcon_core.package_identification:_identify(src) by extension 'cmake'
[0.628s] Level 1:colcon.colcon_core.package_identification:_identify(src) by extension 'python'
[0.628s] Level 1:colcon.colcon_core.package_identification:_identify(src) by extensions ['python_setup_py']
[0.628s] Level 1:colcon.colcon_core.package_identification:_identify(src) by extension 'python_setup_py'
[0.628s] Level 1:colcon.colcon_core.package_identification:_identify(src/cpp_pubsub) by extensions ['ignore', 'ignore_ament_install']
[0.628s] Level 1:colcon.colcon_core.package_identification:_identify(src/cpp_pubsub) by extension 'ignore'
[0.628s] Level 1:colcon.colcon_core.package_identification:_identify(src/cpp_pubsub) by extension 'ignore_ament_install'
[0.628s] Level 1:colcon.colcon_core.package_identification:_identify(src/cpp_pubsub) by extensions ['colcon_pkg']
[0.629s] Level 1:colcon.colcon_core.package_identification:_identify(src/cpp_pubsub) by extension 'colcon_pkg'
[0.629s] Level 1:colcon.colcon_core.package_identification:_identify(src/cpp_pubsub) by extensions ['colcon_meta']
[0.629s] Level 1:colcon.colcon_core.package_identification:_identify(src/cpp_pubsub) by extension 'colcon_meta'
[0.629s] Level 1:colcon.colcon_core.package_identification:_identify(src/cpp_pubsub) by extensions ['ros']
[0.629s] Level 1:colcon.colcon_core.package_identification:_identify(src/cpp_pubsub) by extension 'ros'
[0.636s] DEBUG:colcon.colcon_core.package_identification:Package 'src/cpp_pubsub' with type 'ros.ament_cmake' and name 'cpp_pubsub'
[0.637s] Level 1:colcon.colcon_core.package_identification:_identify(src/py_pubsub) by extensions ['ignore', 'ignore_ament_install']
[0.637s] Level 1:colcon.colcon_core.package_identification:_identify(src/py_pubsub) by extension 'ignore'
[0.637s] Level 1:colcon.colcon_core.package_identification:_identify(src/py_pubsub) by extension 'ignore_ament_install'
[0.638s] Level 1:colcon.colcon_core.package_identification:_identify(src/py_pubsub) by extensions ['colcon_pkg']
[0.638s] Level 1:colcon.colcon_core.package_identification:_identify(src/py_pubsub) by extension 'colcon_pkg'
[0.638s] Level 1:colcon.colcon_core.package_identification:_identify(src/py_pubsub) by extensions ['colcon_meta']
[0.638s] Level 1:colcon.colcon_core.package_identification:_identify(src/py_pubsub) by extension 'colcon_meta'
[0.638s] Level 1:colcon.colcon_core.package_identification:_identify(src/py_pubsub) by extensions ['ros']
[0.638s] Level 1:colcon.colcon_core.package_identification:_identify(src/py_pubsub) by extension 'ros'
[0.640s] DEBUG:colcon.colcon_core.package_identification:Package 'src/py_pubsub' with type 'ros.catkin' and name 'py_pubsub'
[0.640s] Level 1:colcon.colcon_core.package_identification:_identify(tutorial_pkg) by extensions ['ignore', 'ignore_ament_install']
[0.640s] Level 1:colcon.colcon_core.package_identification:_identify(tutorial_pkg) by extension 'ignore'
[0.640s] Level 1:colcon.colcon_core.package_identification:_identify(tutorial_pkg) by extension 'ignore_ament_install'
[0.641s] Level 1:colcon.colcon_core.package_identification:_identify(tutorial_pkg) by extensions ['colcon_pkg']
[0.641s] Level 1:colcon.colcon_core.package_identification:_identify(tutorial_pkg) by extension 'colcon_pkg'
[0.641s] Level 1:colcon.colcon_core.package_identification:_identify(tutorial_pkg) by extensions ['colcon_meta']
[0.641s] Level 1:colcon.colcon_core.package_identification:_identify(tutorial_pkg) by extension 'colcon_meta'
[0.641s] Level 1:colcon.colcon_core.package_identification:_identify(tutorial_pkg) by extensions ['ros']
[0.642s] Level 1:colcon.colcon_core.package_identification:_identify(tutorial_pkg) by extension 'ros'
[0.643s] DEBUG:colcon.colcon_core.package_identification:Package 'tutorial_pkg' with type 'ros.ament_cmake' and name 'tutorial_pkg'
[0.644s] Level 1:colcon.colcon_core.package_identification:_identify(urdf) by extensions ['ignore', 'ignore_ament_install']
[0.644s] Level 1:colcon.colcon_core.package_identification:_identify(urdf) by extension 'ignore'
[0.644s] Level 1:colcon.colcon_core.package_identification:_identify(urdf) by extension 'ignore_ament_install'
[0.644s] Level 1:colcon.colcon_core.package_identification:_identify(urdf) by extensions ['colcon_pkg']
[0.644s] Level 1:colcon.colcon_core.package_identification:_identify(urdf) by extension 'colcon_pkg'
[0.644s] Level 1:colcon.colcon_core.package_identification:_identify(urdf) by extensions ['colcon_meta']
[0.644s] Level 1:colcon.colcon_core.package_identification:_identify(urdf) by extension 'colcon_meta'
[0.644s] Level 1:colcon.colcon_core.package_identification:_identify(urdf) by extensions ['ros']
[0.644s] Level 1:colcon.colcon_core.package_identification:_identify(urdf) by extension 'ros'
[0.645s] Level 1:colcon.colcon_core.package_identification:_identify(urdf) by extensions ['cmake', 'python']
[0.645s] Level 1:colcon.colcon_core.package_identification:_identify(urdf) by extension 'cmake'
[0.645s] Level 1:colcon.colcon_core.package_identification:_identify(urdf) by extension 'python'
[0.645s] Level 1:colcon.colcon_core.package_identification:_identify(urdf) by extensions ['python_setup_py']
[0.645s] Level 1:colcon.colcon_core.package_identification:_identify(urdf) by extension 'python_setup_py'
[0.645s] Level 1:colcon.colcon_core.package_discovery:discover_packages(recursive) using defaults
[0.646s] Level 1:colcon.colcon_core.package_discovery:discover_packages(ignore) discover
[0.646s] Level 1:colcon.colcon_core.package_discovery:discover_packages(ignore) using defaults
[0.646s] Level 1:colcon.colcon_core.package_discovery:discover_packages(path) discover
[0.646s] Level 1:colcon.colcon_core.package_discovery:discover_packages(path) using defaults
[0.706s] INFO:colcon.colcon_core.package_selection:Skipping not selected package 'cpp_pubsub' in 'src/cpp_pubsub'
[0.706s] INFO:colcon.colcon_core.package_selection:Skipping not selected package 'py_pubsub' in 'src/py_pubsub'
[0.707s] Level 5:colcon.colcon_core.verb:set package 'tutorial_pkg' build argument 'cmake_args' from command line to 'None'
[0.707s] Level 5:colcon.colcon_core.verb:set package 'tutorial_pkg' build argument 'cmake_target' from command line to 'None'
[0.707s] Level 5:colcon.colcon_core.verb:set package 'tutorial_pkg' build argument 'cmake_target_skip_unavailable' from command line to 'False'
[0.707s] Level 5:colcon.colcon_core.verb:set package 'tutorial_pkg' build argument 'cmake_clean_cache' from command line to 'False'
[0.707s] Level 5:colcon.colcon_core.verb:set package 'tutorial_pkg' build argument 'cmake_clean_first' from command line to 'False'
[0.707s] Level 5:colcon.colcon_core.verb:set package 'tutorial_pkg' build argument 'cmake_force_configure' from command line to 'False'
[0.708s] Level 5:colcon.colcon_core.verb:set package 'tutorial_pkg' build argument 'ament_cmake_args' from command line to 'None'
[0.708s] Level 5:colcon.colcon_core.verb:set package 'tutorial_pkg' build argument 'catkin_cmake_args' from command line to 'None'
[0.708s] Level 5:colcon.colcon_core.verb:set package 'tutorial_pkg' build argument 'catkin_skip_building_tests' from command line to 'False'
[0.708s] DEBUG:colcon.colcon_core.verb:Building package 'tutorial_pkg' with the following arguments: {'ament_cmake_args': None, 'build_base': '/ws/build_humble/tutorial_pkg', 'catkin_cmake_args': None, 'catkin_skip_building_tests': False, 'cmake_args': None, 'cmake_clean_cache': False, 'cmake_clean_first': False, 'cmake_force_configure': False, 'cmake_target': None, 'cmake_target_skip_unavailable': False, 'install_base': '/ws/install_humble/tutorial_pkg', 'merge_install': False, 'path': '/ws/tutorial_pkg', 'symlink_install': False, 'test_result_base': None}
[0.708s] INFO:colcon.colcon_core.executor:Executing jobs using 'parallel' executor
[0.711s] DEBUG:colcon.colcon_parallel_executor.executor.parallel:run_until_complete
[0.711s] INFO:colcon.colcon_ros.task.ament_cmake.build:Building ROS package in '/ws/tutorial_pkg' with build type 'ament_cmake'
[0.712s] INFO:colcon.colcon_cmake.task.cmake.build:Building CMake package in '/ws/tutorial_pkg'
[0.718s] INFO:colcon.colcon_core.plugin_system:Skipping extension 'colcon_core.shell.bat': Not used on non-Windows systems
[0.718s] INFO:colcon.colcon_core.shell:Skip shell extension 'powershell' for command environment: Not usable outside of PowerShell
[0.718s] DEBUG:colcon.colcon_core.shell:Skip shell extension 'dsv' for command environment
[0.739s] DEBUG:colcon.colcon_core.event_handler.log_command:Invoking command in '/ws/build_humble/tutorial_pkg': CMAKE_PREFIX_PATH=/opt/ros/humble /usr/bin/cmake --build /ws/build_humble/tutorial_pkg -- -j32 -l32
[22.763s] DEBUG:colcon.colcon_core.event_handler.log_command:Invoked command in '/ws/build_humble/tutorial_pkg' returned '0': CMAKE_PREFIX_PATH=/opt/ros/humble /usr/bin/cmake --build /ws/build_humble/tutorial_pkg -- -j32 -l32
[22.788s] DEBUG:colcon.colcon_core.event_handler.log_command:Invoking command in '/ws/build_humble/tutorial_pkg': CMAKE_PREFIX_PATH=/opt/ros/humble /usr/bin/cmake --install /ws/build_humble/tutorial_pkg
[22.817s] Level 1:colcon.colcon_core.environment:create_environment_scripts_only(tutorial_pkg)
[22.818s] DEBUG:colcon.colcon_core.event_handler.log_command:Invoked command in '/ws/build_humble/tutorial_pkg' returned '0': CMAKE_PREFIX_PATH=/opt/ros/humble /usr/bin/cmake --install /ws/build_humble/tutorial_pkg
[22.824s] Level 1:colcon.colcon_core.environment:checking '/ws/install_humble/tutorial_pkg' for CMake module files
[22.825s] Level 1:colcon.colcon_core.environment:checking '/ws/install_humble/tutorial_pkg' for CMake config files
[22.825s] Level 1:colcon.colcon_core.shell:create_environment_hook('tutorial_pkg', 'cmake_prefix_path')
[22.826s] INFO:colcon.colcon_core.shell:Creating environment hook '/ws/install_humble/tutorial_pkg/share/tutorial_pkg/hook/cmake_prefix_path.ps1'
[22.827s] INFO:colcon.colcon_core.shell:Creating environment descriptor '/ws/install_humble/tutorial_pkg/share/tutorial_pkg/hook/cmake_prefix_path.dsv'
[22.828s] INFO:colcon.colcon_core.shell:Creating environment hook '/ws/install_humble/tutorial_pkg/share/tutorial_pkg/hook/cmake_prefix_path.sh'
[22.830s] Level 1:colcon.colcon_core.environment:checking '/ws/install_humble/tutorial_pkg/lib'
[22.831s] Level 1:colcon.colcon_core.environment:checking '/ws/install_humble/tutorial_pkg/bin'
[22.831s] Level 1:colcon.colcon_core.environment:checking '/ws/install_humble/tutorial_pkg/lib/pkgconfig/tutorial_pkg.pc'
[22.835s] Level 1:colcon.colcon_core.environment:checking '/ws/install_humble/tutorial_pkg/lib/python3.10/site-packages'
[22.836s] Level 1:colcon.colcon_core.environment:checking '/ws/install_humble/tutorial_pkg/bin'
[22.837s] INFO:colcon.colcon_core.shell:Creating package script '/ws/install_humble/tutorial_pkg/share/tutorial_pkg/package.ps1'
[22.840s] INFO:colcon.colcon_core.shell:Creating package descriptor '/ws/install_humble/tutorial_pkg/share/tutorial_pkg/package.dsv'
[22.842s] INFO:colcon.colcon_core.shell:Creating package script '/ws/install_humble/tutorial_pkg/share/tutorial_pkg/package.sh'
[22.843s] INFO:colcon.colcon_core.shell:Creating package script '/ws/install_humble/tutorial_pkg/share/tutorial_pkg/package.bash'
[22.845s] INFO:colcon.colcon_core.shell:Creating package script '/ws/install_humble/tutorial_pkg/share/tutorial_pkg/package.zsh'
[22.846s] Level 1:colcon.colcon_core.environment:create_file_with_runtime_dependencies(/ws/install_humble/tutorial_pkg/share/colcon-core/packages/tutorial_pkg)
[22.847s] Level 1:colcon.colcon_core.environment:create_environment_scripts_only(tutorial_pkg)
[22.848s] Level 1:colcon.colcon_core.environment:checking '/ws/install_humble/tutorial_pkg' for CMake module files
[22.849s] Level 1:colcon.colcon_core.environment:checking '/ws/install_humble/tutorial_pkg' for CMake config files
[22.849s] Level 1:colcon.colcon_core.shell:create_environment_hook('tutorial_pkg', 'cmake_prefix_path')
[22.850s] INFO:colcon.colcon_core.shell:Creating environment hook '/ws/install_humble/tutorial_pkg/share/tutorial_pkg/hook/cmake_prefix_path.ps1'
[22.850s] INFO:colcon.colcon_core.shell:Creating environment descriptor '/ws/install_humble/tutorial_pkg/share/tutorial_pkg/hook/cmake_prefix_path.dsv'
[22.851s] INFO:colcon.colcon_core.shell:Creating environment hook '/ws/install_humble/tutorial_pkg/share/tutorial_pkg/hook/cmake_prefix_path.sh'
[22.852s] Level 1:colcon.colcon_core.environment:checking '/ws/install_humble/tutorial_pkg/lib'
[22.852s] Level 1:colcon.colcon_core.environment:checking '/ws/install_humble/tutorial_pkg/bin'
[22.852s] Level 1:colcon.colcon_core.environment:checking '/ws/install_humble/tutorial_pkg/lib/pkgconfig/tutorial_pkg.pc'
[22.853s] Level 1:colcon.colcon_core.environment:checking '/ws/install_humble/tutorial_pkg/lib/python3.10/site-packages'
[22.853s] Level 1:colcon.colcon_core.environment:checking '/ws/install_humble/tutorial_pkg/bin'
[22.854s] INFO:colcon.colcon_core.shell:Creating package script '/ws/install_humble/tutorial_pkg/share/tutorial_pkg/package.ps1'
[22.855s] INFO:colcon.colcon_core.shell:Creating package descriptor '/ws/install_humble/tutorial_pkg/share/tutorial_pkg/package.dsv'
[22.856s] INFO:colcon.colcon_core.shell:Creating package script '/ws/install_humble/tutorial_pkg/share/tutorial_pkg/package.sh'
[22.857s] INFO:colcon.colcon_core.shell:Creating package script '/ws/install_humble/tutorial_pkg/share/tutorial_pkg/package.bash'
[22.857s] INFO:colcon.colcon_core.shell:Creating package script '/ws/install_humble/tutorial_pkg/share/tutorial_pkg/package.zsh'
[22.858s] Level 1:colcon.colcon_core.environment:create_file_with_runtime_dependencies(/ws/install_humble/tutorial_pkg/share/colcon-core/packages/tutorial_pkg)
[22.858s] DEBUG:colcon.colcon_parallel_executor.executor.parallel:closing loop
[22.859s] DEBUG:colcon.colcon_parallel_executor.executor.parallel:loop closed
[22.859s] DEBUG:colcon.colcon_parallel_executor.executor.parallel:run_until_complete finished with '0'
[22.859s] DEBUG:colcon.colcon_core.event_reactor:joining thread
[22.873s] INFO:colcon.colcon_core.plugin_system:Skipping extension 'colcon_notification.desktop_notification.notify_send': Could not find 'notify-send'
[22.876s] INFO:colcon.colcon_core.plugin_system:Skipping extension 'colcon_notification.desktop_notification.terminal_notifier': Not used on non-Darwin systems
[22.876s] INFO:colcon.colcon_core.plugin_system:Skipping extension 'colcon_notification.desktop_notification.win32': Not used on non-Windows systems
[22.876s] INFO:colcon.colcon_notification.desktop_notification:Sending desktop notification using 'notify2'
[22.876s] DEBUG:colcon.colcon_notification.desktop_notification.notify2:Failed to initialize notify2: org.freedesktop.DBus.Error.NotSupported: Unable to autolaunch a dbus-daemon without a $DISPLAY for X11
[22.877s] DEBUG:colcon.colcon_core.event_reactor:joined thread
[22.878s] INFO:colcon.colcon_core.shell:Creating prefix script '/ws/install_humble/local_setup.ps1'
[22.880s] INFO:colcon.colcon_core.shell:Creating prefix util module '/ws/install_humble/_local_setup_util_ps1.py'
[22.884s] INFO:colcon.colcon_core.shell:Creating prefix chain script '/ws/install_humble/setup.ps1'
[22.887s] INFO:colcon.colcon_core.shell:Creating prefix script '/ws/install_humble/local_setup.sh'
[22.888s] INFO:colcon.colcon_core.shell:Creating prefix util module '/ws/install_humble/_local_setup_util_sh.py'
[22.890s] INFO:colcon.colcon_core.shell:Creating prefix chain script '/ws/install_humble/setup.sh'
[22.893s] INFO:colcon.colcon_core.shell:Creating prefix script '/ws/install_humble/local_setup.bash'
[22.894s] INFO:colcon.colcon_core.shell:Creating prefix chain script '/ws/install_humble/setup.bash'
[22.897s] INFO:colcon.colcon_core.shell:Creating prefix script '/ws/install_humble/local_setup.zsh'
[22.898s] INFO:colcon.colcon_core.shell:Creating prefix chain script '/ws/install_humble/setup.zsh'
