[0.319s] DEBUG:colcon:Command line arguments: ['/usr/bin/colcon', '--log-base', 'log_humble', 'build', '--symlink-install', '--packages-select', 'tutorial_pkg', '--build-base', 'build_humble', '--install-base', 'install_humble']
[0.319s] DEBUG:colcon:Parsed command line arguments: Namespace(log_base='log_humble', log_level=None, verb_name='build', build_base='/ws/build_humble', install_base='/ws/install_humble', merge_install=False, symlink_install=True, test_result_base=None, continue_on_error=False, executor='parallel', parallel_workers=32, event_handlers=None, ignore_user_meta=False, metas=['./colcon.meta'], base_paths=['.'], packages_ignore=None, packages_ignore_regex=None, paths=None, packages_up_to=None, packages_up_to_regex=None, packages_above=None, packages_above_and_dependencies=None, packages_above_depth=None, packages_select_by_dep=None, packages_skip_by_dep=None, packages_skip_up_to=None, packages_select_build_failed=False, packages_skip_build_finished=False, packages_select_test_failures=False, packages_skip_test_passed=False, packages_select=['tutorial_pkg'], packages_skip=None, packages_select_regex=None, packages_skip_regex=None, packages_start=None, packages_end=None, cmake_args=None, cmake_target=None, cmake_target_skip_unavailable=False, cmake_clean_cache=False, cmake_clean_first=False, cmake_force_configure=False, ament_cmake_args=None, catkin_cmake_args=None, catkin_skip_building_tests=False, mixin_files=None, mixin=None, verb_parser=<colcon_mixin.mixin.mixin_argument.MixinArgumentDecorator object at 0x71c1d1ae57b0>, verb_extension=<colcon_core.verb.build.BuildVerb object at 0x71c1d1ae4be0>, main=<bound method BuildVerb.main of <colcon_core.verb.build.BuildVerb object at 0x71c1d1ae4be0>>, mixin_verb=('build',))
[0.639s] Level 1:colcon.colcon_core.package_discovery:discover_packages(colcon_meta) check parameters
[0.640s] INFO:colcon.colcon_metadata.package_discovery.colcon_meta:Using configuration from '/root/.colcon/metadata/default/Gazebo.meta'
[0.642s] INFO:colcon.colcon_metadata.package_discovery.colcon_meta:Using configuration from '/root/.colcon/metadata/default/fastdds.meta'
[0.642s] INFO:colcon.colcon_metadata.package_discovery.colcon_meta:Using configuration from '/root/.colcon/metadata/default/fastrtps.meta'
[0.643s] Level 1:colcon.colcon_core.package_discovery:discover_packages(recursive) check parameters
[0.643s] Level 1:colcon.colcon_core.package_discovery:discover_packages(ignore) check parameters
[0.643s] Level 1:colcon.colcon_core.package_discovery:discover_packages(path) check parameters
[0.643s] Level 1:colcon.colcon_core.package_discovery:discover_packages(colcon_meta) discover
[0.643s] Level 1:colcon.colcon_core.package_discovery:discover_packages(recursive) discover
[0.643s] INFO:colcon.colcon_core.package_discovery:Crawling recursively for packages in '/ws'
[0.643s] Level 1:colcon.colcon_core.package_identification:_identify(.) by extensions ['ignore', 'ignore_ament_install']
[0.643s] Level 1:colcon.colcon_core.package_identification:_identify(.) by extension 'ignore'
[0.644s] Level 1:colcon.colcon_core.package_identification:_identify(.) by extension 'ignore_ament_install'
[0.644s] Level 1:colcon.colcon_core.package_identification:_identify(.) by extensions ['colcon_pkg']
[0.644s] Level 1:colcon.colcon_core.package_identification:_identify(.) by extension 'colcon_pkg'
[0.644s] Level 1:colcon.colcon_core.package_identification:_identify(.) by extensions ['colcon_meta']
[0.644s] Level 1:colcon.colcon_core.package_identification:_identify(.) by extension 'colcon_meta'
[0.644s] Level 1:colcon.colcon_core.package_identification:_identify(.) by extensions ['ros']
[0.644s] Level 1:colcon.colcon_core.package_identification:_identify(.) by extension 'ros'
[0.671s] Level 1:colcon.colcon_core.package_identification:_identify(.) by extensions ['cmake', 'python']
[0.672s] Level 1:colcon.colcon_core.package_identification:_identify(.) by extension 'cmake'
[0.672s] Level 1:colcon.colcon_core.package_identification:_identify(.) by extension 'python'
[0.672s] Level 1:colcon.colcon_core.package_identification:_identify(.) by extensions ['python_setup_py']
[0.672s] Level 1:colcon.colcon_core.package_identification:_identify(.) by extension 'python_setup_py'
[0.672s] Level 1:colcon.colcon_core.package_identification:_identify(build) by extensions ['ignore', 'ignore_ament_install']
[0.672s] Level 1:colcon.colcon_core.package_identification:_identify(build) by extension 'ignore'
[0.672s] Level 1:colcon.colcon_core.package_identification:_identify(build) ignored
[0.673s] Level 1:colcon.colcon_core.package_identification:_identify(build_humble) by extensions ['ignore', 'ignore_ament_install']
[0.673s] Level 1:colcon.colcon_core.package_identification:_identify(build_humble) by extension 'ignore'
[0.673s] Level 1:colcon.colcon_core.package_identification:_identify(build_humble) ignored
[0.673s] Level 1:colcon.colcon_core.package_identification:_identify(install) by extensions ['ignore', 'ignore_ament_install']
[0.673s] Level 1:colcon.colcon_core.package_identification:_identify(install) by extension 'ignore'
[0.673s] Level 1:colcon.colcon_core.package_identification:_identify(install) ignored
[0.673s] Level 1:colcon.colcon_core.package_identification:_identify(install_humble) by extensions ['ignore', 'ignore_ament_install']
[0.673s] Level 1:colcon.colcon_core.package_identification:_identify(install_humble) by extension 'ignore'
[0.674s] Level 1:colcon.colcon_core.package_identification:_identify(install_humble) ignored
[0.674s] Level 1:colcon.colcon_core.package_identification:_identify(log) by extensions ['ignore', 'ignore_ament_install']
[0.674s] Level 1:colcon.colcon_core.package_identification:_identify(log) by extension 'ignore'
[0.674s] Level 1:colcon.colcon_core.package_identification:_identify(log) ignored
[0.674s] Level 1:colcon.colcon_core.package_identification:_identify(log_humble) by extensions ['ignore', 'ignore_ament_install']
[0.674s] Level 1:colcon.colcon_core.package_identification:_identify(log_humble) by extension 'ignore'
[0.674s] Level 1:colcon.colcon_core.package_identification:_identify(log_humble) ignored
[0.674s] Level 1:colcon.colcon_core.package_identification:_identify(saved_images) by extensions ['ignore', 'ignore_ament_install']
[0.674s] Level 1:colcon.colcon_core.package_identification:_identify(saved_images) by extension 'ignore'
[0.675s] Level 1:colcon.colcon_core.package_identification:_identify(saved_images) by extension 'ignore_ament_install'
[0.675s] Level 1:colcon.colcon_core.package_identification:_identify(saved_images) by extensions ['colcon_pkg']
[0.675s] Level 1:colcon.colcon_core.package_identification:_identify(saved_images) by extension 'colcon_pkg'
[0.675s] Level 1:colcon.colcon_core.package_identification:_identify(saved_images) by extensions ['colcon_meta']
[0.675s] Level 1:colcon.colcon_core.package_identification:_identify(saved_images) by extension 'colcon_meta'
[0.675s] Level 1:colcon.colcon_core.package_identification:_identify(saved_images) by extensions ['ros']
[0.675s] Level 1:colcon.colcon_core.package_identification:_identify(saved_images) by extension 'ros'
[0.675s] Level 1:colcon.colcon_core.package_identification:_identify(saved_images) by extensions ['cmake', 'python']
[0.675s] Level 1:colcon.colcon_core.package_identification:_identify(saved_images) by extension 'cmake'
[0.675s] Level 1:colcon.colcon_core.package_identification:_identify(saved_images) by extension 'python'
[0.675s] Level 1:colcon.colcon_core.package_identification:_identify(saved_images) by extensions ['python_setup_py']
[0.675s] Level 1:colcon.colcon_core.package_identification:_identify(saved_images) by extension 'python_setup_py'
[0.676s] Level 1:colcon.colcon_core.package_identification:_identify(src) by extensions ['ignore', 'ignore_ament_install']
[0.676s] Level 1:colcon.colcon_core.package_identification:_identify(src) by extension 'ignore'
[0.676s] Level 1:colcon.colcon_core.package_identification:_identify(src) by extension 'ignore_ament_install'
[0.676s] Level 1:colcon.colcon_core.package_identification:_identify(src) by extensions ['colcon_pkg']
[0.676s] Level 1:colcon.colcon_core.package_identification:_identify(src) by extension 'colcon_pkg'
[0.676s] Level 1:colcon.colcon_core.package_identification:_identify(src) by extensions ['colcon_meta']
[0.676s] Level 1:colcon.colcon_core.package_identification:_identify(src) by extension 'colcon_meta'
[0.676s] Level 1:colcon.colcon_core.package_identification:_identify(src) by extensions ['ros']
[0.676s] Level 1:colcon.colcon_core.package_identification:_identify(src) by extension 'ros'
[0.676s] Level 1:colcon.colcon_core.package_identification:_identify(src) by extensions ['cmake', 'python']
[0.676s] Level 1:colcon.colcon_core.package_identification:_identify(src) by extension 'cmake'
[0.676s] Level 1:colcon.colcon_core.package_identification:_identify(src) by extension 'python'
[0.676s] Level 1:colcon.colcon_core.package_identification:_identify(src) by extensions ['python_setup_py']
[0.676s] Level 1:colcon.colcon_core.package_identification:_identify(src) by extension 'python_setup_py'
[0.677s] Level 1:colcon.colcon_core.package_identification:_identify(tutorial_pkg) by extensions ['ignore', 'ignore_ament_install']
[0.677s] Level 1:colcon.colcon_core.package_identification:_identify(tutorial_pkg) by extension 'ignore'
[0.677s] Level 1:colcon.colcon_core.package_identification:_identify(tutorial_pkg) by extension 'ignore_ament_install'
[0.677s] Level 1:colcon.colcon_core.package_identification:_identify(tutorial_pkg) by extensions ['colcon_pkg']
[0.677s] Level 1:colcon.colcon_core.package_identification:_identify(tutorial_pkg) by extension 'colcon_pkg'
[0.677s] Level 1:colcon.colcon_core.package_identification:_identify(tutorial_pkg) by extensions ['colcon_meta']
[0.677s] Level 1:colcon.colcon_core.package_identification:_identify(tutorial_pkg) by extension 'colcon_meta'
[0.677s] Level 1:colcon.colcon_core.package_identification:_identify(tutorial_pkg) by extensions ['ros']
[0.677s] Level 1:colcon.colcon_core.package_identification:_identify(tutorial_pkg) by extension 'ros'
[0.684s] DEBUG:colcon.colcon_core.package_identification:Package 'tutorial_pkg' with type 'ros.ament_cmake' and name 'tutorial_pkg'
[0.685s] Level 1:colcon.colcon_core.package_discovery:discover_packages(recursive) using defaults
[0.685s] Level 1:colcon.colcon_core.package_discovery:discover_packages(ignore) discover
[0.685s] Level 1:colcon.colcon_core.package_discovery:discover_packages(ignore) using defaults
[0.685s] Level 1:colcon.colcon_core.package_discovery:discover_packages(path) discover
[0.685s] Level 1:colcon.colcon_core.package_discovery:discover_packages(path) using defaults
[0.744s] Level 5:colcon.colcon_core.verb:set package 'tutorial_pkg' build argument 'cmake_args' from command line to 'None'
[0.744s] Level 5:colcon.colcon_core.verb:set package 'tutorial_pkg' build argument 'cmake_target' from command line to 'None'
[0.744s] Level 5:colcon.colcon_core.verb:set package 'tutorial_pkg' build argument 'cmake_target_skip_unavailable' from command line to 'False'
[0.744s] Level 5:colcon.colcon_core.verb:set package 'tutorial_pkg' build argument 'cmake_clean_cache' from command line to 'False'
[0.744s] Level 5:colcon.colcon_core.verb:set package 'tutorial_pkg' build argument 'cmake_clean_first' from command line to 'False'
[0.744s] Level 5:colcon.colcon_core.verb:set package 'tutorial_pkg' build argument 'cmake_force_configure' from command line to 'False'
[0.744s] Level 5:colcon.colcon_core.verb:set package 'tutorial_pkg' build argument 'ament_cmake_args' from command line to 'None'
[0.744s] Level 5:colcon.colcon_core.verb:set package 'tutorial_pkg' build argument 'catkin_cmake_args' from command line to 'None'
[0.744s] Level 5:colcon.colcon_core.verb:set package 'tutorial_pkg' build argument 'catkin_skip_building_tests' from command line to 'False'
[0.744s] DEBUG:colcon.colcon_core.verb:Building package 'tutorial_pkg' with the following arguments: {'ament_cmake_args': None, 'build_base': '/ws/build_humble/tutorial_pkg', 'catkin_cmake_args': None, 'catkin_skip_building_tests': False, 'cmake_args': None, 'cmake_clean_cache': False, 'cmake_clean_first': False, 'cmake_force_configure': False, 'cmake_target': None, 'cmake_target_skip_unavailable': False, 'install_base': '/ws/install_humble/tutorial_pkg', 'merge_install': False, 'path': '/ws/tutorial_pkg', 'symlink_install': True, 'test_result_base': None}
[0.745s] INFO:colcon.colcon_core.executor:Executing jobs using 'parallel' executor
[0.747s] DEBUG:colcon.colcon_parallel_executor.executor.parallel:run_until_complete
[0.748s] INFO:colcon.colcon_ros.task.ament_cmake.build:Building ROS package in '/ws/tutorial_pkg' with build type 'ament_cmake'
[0.748s] INFO:colcon.colcon_cmake.task.cmake.build:Building CMake package in '/ws/tutorial_pkg'
[0.756s] INFO:colcon.colcon_core.plugin_system:Skipping extension 'colcon_core.shell.bat': Not used on non-Windows systems
[0.757s] INFO:colcon.colcon_core.shell:Skip shell extension 'powershell' for command environment: Not usable outside of PowerShell
[0.757s] DEBUG:colcon.colcon_core.shell:Skip shell extension 'dsv' for command environment
[0.774s] DEBUG:colcon.colcon_core.event_handler.log_command:Invoking command in '/ws/build_humble/tutorial_pkg': CMAKE_PREFIX_PATH=/opt/ros/humble /usr/bin/cmake /ws/tutorial_pkg -DAMENT_CMAKE_SYMLINK_INSTALL=1 -DCMAKE_INSTALL_PREFIX=/ws/install_humble/tutorial_pkg
[3.642s] DEBUG:colcon.colcon_core.event_handler.log_command:Invoked command in '/ws/build_humble/tutorial_pkg' returned '0': CMAKE_PREFIX_PATH=/opt/ros/humble /usr/bin/cmake /ws/tutorial_pkg -DAMENT_CMAKE_SYMLINK_INSTALL=1 -DCMAKE_INSTALL_PREFIX=/ws/install_humble/tutorial_pkg
[3.646s] DEBUG:colcon.colcon_core.event_handler.log_command:Invoking command in '/ws/build_humble/tutorial_pkg': CMAKE_PREFIX_PATH=/opt/ros/humble /usr/bin/cmake --build /ws/build_humble/tutorial_pkg -- -j32 -l32
[26.767s] DEBUG:colcon.colcon_core.event_handler.log_command:Invoked command in '/ws/build_humble/tutorial_pkg' returned '0': CMAKE_PREFIX_PATH=/opt/ros/humble /usr/bin/cmake --build /ws/build_humble/tutorial_pkg -- -j32 -l32
[26.787s] DEBUG:colcon.colcon_core.event_handler.log_command:Invoking command in '/ws/build_humble/tutorial_pkg': CMAKE_PREFIX_PATH=/opt/ros/humble /usr/bin/cmake --install /ws/build_humble/tutorial_pkg
[27.165s] Level 1:colcon.colcon_core.environment:create_environment_scripts_only(tutorial_pkg)
[27.167s] DEBUG:colcon.colcon_core.event_handler.log_command:Invoked command in '/ws/build_humble/tutorial_pkg' returned '0': CMAKE_PREFIX_PATH=/opt/ros/humble /usr/bin/cmake --install /ws/build_humble/tutorial_pkg
[27.188s] Level 1:colcon.colcon_core.environment:checking '/ws/install_humble/tutorial_pkg' for CMake module files
[27.189s] Level 1:colcon.colcon_core.environment:checking '/ws/install_humble/tutorial_pkg' for CMake config files
[27.190s] Level 1:colcon.colcon_core.shell:create_environment_hook('tutorial_pkg', 'cmake_prefix_path')
[27.191s] INFO:colcon.colcon_core.shell:Creating environment hook '/ws/install_humble/tutorial_pkg/share/tutorial_pkg/hook/cmake_prefix_path.ps1'
[27.193s] INFO:colcon.colcon_core.shell:Creating environment descriptor '/ws/install_humble/tutorial_pkg/share/tutorial_pkg/hook/cmake_prefix_path.dsv'
[27.195s] INFO:colcon.colcon_core.shell:Creating environment hook '/ws/install_humble/tutorial_pkg/share/tutorial_pkg/hook/cmake_prefix_path.sh'
[27.201s] Level 1:colcon.colcon_core.environment:checking '/ws/install_humble/tutorial_pkg/lib'
[27.202s] Level 1:colcon.colcon_core.environment:checking '/ws/install_humble/tutorial_pkg/bin'
[27.202s] Level 1:colcon.colcon_core.environment:checking '/ws/install_humble/tutorial_pkg/lib/pkgconfig/tutorial_pkg.pc'
[27.207s] Level 1:colcon.colcon_core.environment:checking '/ws/install_humble/tutorial_pkg/lib/python3.10/site-packages'
[27.208s] Level 1:colcon.colcon_core.environment:checking '/ws/install_humble/tutorial_pkg/bin'
[27.210s] INFO:colcon.colcon_core.shell:Creating package script '/ws/install_humble/tutorial_pkg/share/tutorial_pkg/package.ps1'
[27.213s] INFO:colcon.colcon_core.shell:Creating package descriptor '/ws/install_humble/tutorial_pkg/share/tutorial_pkg/package.dsv'
[27.215s] INFO:colcon.colcon_core.shell:Creating package script '/ws/install_humble/tutorial_pkg/share/tutorial_pkg/package.sh'
[27.217s] INFO:colcon.colcon_core.shell:Creating package script '/ws/install_humble/tutorial_pkg/share/tutorial_pkg/package.bash'
[27.219s] INFO:colcon.colcon_core.shell:Creating package script '/ws/install_humble/tutorial_pkg/share/tutorial_pkg/package.zsh'
[27.221s] Level 1:colcon.colcon_core.environment:create_file_with_runtime_dependencies(/ws/install_humble/tutorial_pkg/share/colcon-core/packages/tutorial_pkg)
[27.223s] Level 1:colcon.colcon_core.environment:create_environment_scripts_only(tutorial_pkg)
[27.224s] Level 1:colcon.colcon_core.environment:checking '/ws/install_humble/tutorial_pkg' for CMake module files
[27.226s] Level 1:colcon.colcon_core.environment:checking '/ws/install_humble/tutorial_pkg' for CMake config files
[27.227s] Level 1:colcon.colcon_core.shell:create_environment_hook('tutorial_pkg', 'cmake_prefix_path')
[27.228s] INFO:colcon.colcon_core.shell:Creating environment hook '/ws/install_humble/tutorial_pkg/share/tutorial_pkg/hook/cmake_prefix_path.ps1'
[27.229s] INFO:colcon.colcon_core.shell:Creating environment descriptor '/ws/install_humble/tutorial_pkg/share/tutorial_pkg/hook/cmake_prefix_path.dsv'
[27.230s] INFO:colcon.colcon_core.shell:Creating environment hook '/ws/install_humble/tutorial_pkg/share/tutorial_pkg/hook/cmake_prefix_path.sh'
[27.232s] Level 1:colcon.colcon_core.environment:checking '/ws/install_humble/tutorial_pkg/lib'
[27.232s] Level 1:colcon.colcon_core.environment:checking '/ws/install_humble/tutorial_pkg/bin'
[27.233s] Level 1:colcon.colcon_core.environment:checking '/ws/install_humble/tutorial_pkg/lib/pkgconfig/tutorial_pkg.pc'
[27.233s] Level 1:colcon.colcon_core.environment:checking '/ws/install_humble/tutorial_pkg/lib/python3.10/site-packages'
[27.235s] Level 1:colcon.colcon_core.environment:checking '/ws/install_humble/tutorial_pkg/bin'
[27.236s] INFO:colcon.colcon_core.shell:Creating package script '/ws/install_humble/tutorial_pkg/share/tutorial_pkg/package.ps1'
[27.238s] INFO:colcon.colcon_core.shell:Creating package descriptor '/ws/install_humble/tutorial_pkg/share/tutorial_pkg/package.dsv'
[27.239s] INFO:colcon.colcon_core.shell:Creating package script '/ws/install_humble/tutorial_pkg/share/tutorial_pkg/package.sh'
[27.241s] INFO:colcon.colcon_core.shell:Creating package script '/ws/install_humble/tutorial_pkg/share/tutorial_pkg/package.bash'
[27.242s] INFO:colcon.colcon_core.shell:Creating package script '/ws/install_humble/tutorial_pkg/share/tutorial_pkg/package.zsh'
[27.243s] Level 1:colcon.colcon_core.environment:create_file_with_runtime_dependencies(/ws/install_humble/tutorial_pkg/share/colcon-core/packages/tutorial_pkg)
[27.244s] DEBUG:colcon.colcon_parallel_executor.executor.parallel:closing loop
[27.245s] DEBUG:colcon.colcon_parallel_executor.executor.parallel:loop closed
[27.245s] DEBUG:colcon.colcon_parallel_executor.executor.parallel:run_until_complete finished with '0'
[27.245s] DEBUG:colcon.colcon_core.event_reactor:joining thread
[27.263s] INFO:colcon.colcon_core.plugin_system:Skipping extension 'colcon_notification.desktop_notification.notify_send': Could not find 'notify-send'
[27.263s] INFO:colcon.colcon_core.plugin_system:Skipping extension 'colcon_notification.desktop_notification.terminal_notifier': Not used on non-Darwin systems
[27.263s] INFO:colcon.colcon_core.plugin_system:Skipping extension 'colcon_notification.desktop_notification.win32': Not used on non-Windows systems
[27.263s] INFO:colcon.colcon_notification.desktop_notification:Sending desktop notification using 'notify2'
[27.264s] DEBUG:colcon.colcon_notification.desktop_notification.notify2:Failed to initialize notify2: org.freedesktop.DBus.Error.NotSupported: Unable to autolaunch a dbus-daemon without a $DISPLAY for X11
[27.264s] DEBUG:colcon.colcon_core.event_reactor:joined thread
[27.265s] INFO:colcon.colcon_core.shell:Creating prefix script '/ws/install_humble/local_setup.ps1'
[27.268s] INFO:colcon.colcon_core.shell:Creating prefix util module '/ws/install_humble/_local_setup_util_ps1.py'
[27.272s] INFO:colcon.colcon_core.shell:Creating prefix chain script '/ws/install_humble/setup.ps1'
[27.275s] INFO:colcon.colcon_core.shell:Creating prefix script '/ws/install_humble/local_setup.sh'
[27.277s] INFO:colcon.colcon_core.shell:Creating prefix util module '/ws/install_humble/_local_setup_util_sh.py'
[27.279s] INFO:colcon.colcon_core.shell:Creating prefix chain script '/ws/install_humble/setup.sh'
[27.282s] INFO:colcon.colcon_core.shell:Creating prefix script '/ws/install_humble/local_setup.bash'
[27.283s] INFO:colcon.colcon_core.shell:Creating prefix chain script '/ws/install_humble/setup.bash'
[27.286s] INFO:colcon.colcon_core.shell:Creating prefix script '/ws/install_humble/local_setup.zsh'
[27.287s] INFO:colcon.colcon_core.shell:Creating prefix chain script '/ws/install_humble/setup.zsh'
